{"/Users/caiheng/Desktop/MERN-stack/GP-Back/app.js": {"path":"/Users/caiheng/Desktop/MERN-stack/GP-Back/app.js","statementMap":{"0":{"start":{"line":1,"column":13},"end":{"line":1,"column":28}},"1":{"start":{"line":2,"column":17},"end":{"line":2,"column":39}},"2":{"start":{"line":3,"column":15},"end":{"line":3,"column":32}},"3":{"start":{"line":4,"column":16},"end":{"line":4,"column":34}},"4":{"start":{"line":5,"column":0},"end":{"line":5,"column":27}},"5":{"start":{"line":8,"column":12},"end":{"line":8,"column":21}},"6":{"start":{"line":9,"column":0},"end":{"line":9,"column":24}},"7":{"start":{"line":10,"column":0},"end":{"line":10,"column":16}},"8":{"start":{"line":11,"column":0},"end":{"line":11,"column":23}},"9":{"start":{"line":14,"column":0},"end":{"line":14,"column":35}},"10":{"start":{"line":17,"column":0},"end":{"line":17,"column":52}},"11":{"start":{"line":20,"column":0},"end":{"line":20,"column":27}},"12":{"start":{"line":22,"column":0},"end":{"line":22,"column":21}}},"fnMap":{},"branchMap":{},"s":{"0":8,"1":8,"2":8,"3":8,"4":8,"5":8,"6":8,"7":8,"8":8,"9":8,"10":8,"11":8,"12":8},"f":{},"b":{},"_coverageSchema":"43e27e138ebf9cfc5966b082cf9a028302ed4184","hash":"0504ddd10f0441ec0dc4af0c5ba5270d09bfdd7a"}
,"/Users/caiheng/Desktop/MERN-stack/GP-Back/controllers/about.js": {"path":"/Users/caiheng/Desktop/MERN-stack/GP-Back/controllers/about.js","statementMap":{"0":{"start":{"line":1,"column":14},"end":{"line":1,"column":40}},"1":{"start":{"line":3,"column":14},"end":{"line":6,"column":1}},"2":{"start":{"line":4,"column":16},"end":{"line":4,"column":34}},"3":{"start":{"line":5,"column":2},"end":{"line":5,"column":18}},"4":{"start":{"line":8,"column":15},"end":{"line":22,"column":1}},"5":{"start":{"line":9,"column":2},"end":{"line":21,"column":3}},"6":{"start":{"line":10,"column":4},"end":{"line":10,"column":39}},"7":{"start":{"line":11,"column":25},"end":{"line":17,"column":5}},"8":{"start":{"line":18,"column":4},"end":{"line":18,"column":27}},"9":{"start":{"line":20,"column":4},"end":{"line":20,"column":38}},"10":{"start":{"line":24,"column":0},"end":{"line":27,"column":2}}},"fnMap":{"0":{"name":"(anonymous_0)","decl":{"start":{"line":3,"column":14},"end":{"line":3,"column":15}},"loc":{"start":{"line":3,"column":34},"end":{"line":6,"column":1}},"line":3},"1":{"name":"(anonymous_1)","decl":{"start":{"line":8,"column":15},"end":{"line":8,"column":16}},"loc":{"start":{"line":8,"column":35},"end":{"line":22,"column":1}},"line":8}},"branchMap":{},"s":{"0":8,"1":8,"2":0,"3":0,"4":8,"5":0,"6":0,"7":0,"8":0,"9":0,"10":8},"f":{"0":0,"1":0},"b":{},"_coverageSchema":"43e27e138ebf9cfc5966b082cf9a028302ed4184","hash":"e577d7d09a8f135215c37e3d46528757379ef1db"}
,"/Users/caiheng/Desktop/MERN-stack/GP-Back/controllers/admin.js": {"path":"/Users/caiheng/Desktop/MERN-stack/GP-Back/controllers/admin.js","statementMap":{"0":{"start":{"line":1,"column":13},"end":{"line":1,"column":38}},"1":{"start":{"line":2,"column":20},"end":{"line":2,"column":52}},"2":{"start":{"line":3,"column":17},"end":{"line":3,"column":36}},"3":{"start":{"line":6,"column":14},"end":{"line":6,"column":40}},"4":{"start":{"line":11,"column":2},"end":{"line":19,"column":3}},"5":{"start":{"line":12,"column":18},"end":{"line":12,"column":29}},"6":{"start":{"line":13,"column":4},"end":{"line":13,"column":36}},"7":{"start":{"line":14,"column":22},"end":{"line":14,"column":65}},"8":{"start":{"line":15,"column":4},"end":{"line":15,"column":24}},"9":{"start":{"line":17,"column":4},"end":{"line":17,"column":29}},"10":{"start":{"line":18,"column":4},"end":{"line":18,"column":26}},"11":{"start":{"line":24,"column":2},"end":{"line":32,"column":3}},"12":{"start":{"line":25,"column":18},"end":{"line":25,"column":56}},"13":{"start":{"line":26,"column":4},"end":{"line":26,"column":36}},"14":{"start":{"line":27,"column":29},"end":{"line":27,"column":72}},"15":{"start":{"line":28,"column":4},"end":{"line":28,"column":31}},"16":{"start":{"line":30,"column":4},"end":{"line":30,"column":29}},"17":{"start":{"line":31,"column":4},"end":{"line":31,"column":26}},"18":{"start":{"line":37,"column":2},"end":{"line":43,"column":5}},"19":{"start":{"line":38,"column":4},"end":{"line":42,"column":5}},"20":{"start":{"line":39,"column":6},"end":{"line":39,"column":23}},"21":{"start":{"line":41,"column":6},"end":{"line":41,"column":23}},"22":{"start":{"line":48,"column":2},"end":{"line":60,"column":3}},"23":{"start":{"line":49,"column":52},"end":{"line":49,"column":60}},"24":{"start":{"line":50,"column":19},"end":{"line":55,"column":6}},"25":{"start":{"line":56,"column":18},"end":{"line":56,"column":39}},"26":{"start":{"line":57,"column":4},"end":{"line":57,"column":20}},"27":{"start":{"line":59,"column":4},"end":{"line":59,"column":38}},"28":{"start":{"line":65,"column":11},"end":{"line":65,"column":24}},"29":{"start":{"line":66,"column":2},"end":{"line":68,"column":5}},"30":{"start":{"line":67,"column":4},"end":{"line":67,"column":20}},"31":{"start":{"line":73,"column":2},"end":{"line":90,"column":5}},"32":{"start":{"line":74,"column":4},"end":{"line":89,"column":5}},"33":{"start":{"line":74,"column":16},"end":{"line":74,"column":58}},"34":{"start":{"line":76,"column":6},"end":{"line":76,"column":33}},"35":{"start":{"line":77,"column":6},"end":{"line":77,"column":43}},"36":{"start":{"line":78,"column":6},"end":{"line":78,"column":41}},"37":{"start":{"line":79,"column":6},"end":{"line":79,"column":41}},"38":{"start":{"line":81,"column":6},"end":{"line":88,"column":11}},"39":{"start":{"line":84,"column":10},"end":{"line":84,"column":38}},"40":{"start":{"line":87,"column":10},"end":{"line":87,"column":64}},"41":{"start":{"line":95,"column":2},"end":{"line":107,"column":3}},"42":{"start":{"line":96,"column":18},"end":{"line":96,"column":53}},"43":{"start":{"line":99,"column":4},"end":{"line":101,"column":5}},"44":{"start":{"line":100,"column":6},"end":{"line":100,"column":62}},"45":{"start":{"line":102,"column":4},"end":{"line":102,"column":25}},"46":{"start":{"line":103,"column":4},"end":{"line":103,"column":39}},"47":{"start":{"line":105,"column":4},"end":{"line":105,"column":31}},"48":{"start":{"line":106,"column":4},"end":{"line":106,"column":41}},"49":{"start":{"line":111,"column":20},"end":{"line":128,"column":1}},"50":{"start":{"line":112,"column":13},"end":{"line":112,"column":26}},"51":{"start":{"line":114,"column":2},"end":{"line":127,"column":3}},"52":{"start":{"line":115,"column":4},"end":{"line":123,"column":7}},"53":{"start":{"line":116,"column":6},"end":{"line":122,"column":9}},"54":{"start":{"line":125,"column":4},"end":{"line":125,"column":29}},"55":{"start":{"line":126,"column":4},"end":{"line":126,"column":38}},"56":{"start":{"line":130,"column":0},"end":{"line":139,"column":2}}},"fnMap":{"0":{"name":"allUsers","decl":{"start":{"line":10,"column":15},"end":{"line":10,"column":23}},"loc":{"start":{"line":10,"column":34},"end":{"line":20,"column":1}},"line":10},"1":{"name":"allAppointments","decl":{"start":{"line":23,"column":15},"end":{"line":23,"column":30}},"loc":{"start":{"line":23,"column":41},"end":{"line":33,"column":1}},"line":23},"2":{"name":"staffs","decl":{"start":{"line":36,"column":9},"end":{"line":36,"column":15}},"loc":{"start":{"line":36,"column":26},"end":{"line":44,"column":1}},"line":36},"3":{"name":"(anonymous_3)","decl":{"start":{"line":37,"column":13},"end":{"line":37,"column":14}},"loc":{"start":{"line":37,"column":35},"end":{"line":43,"column":3}},"line":37},"4":{"name":"addStaff","decl":{"start":{"line":47,"column":15},"end":{"line":47,"column":23}},"loc":{"start":{"line":47,"column":34},"end":{"line":61,"column":1}},"line":47},"5":{"name":"editStaff","decl":{"start":{"line":64,"column":9},"end":{"line":64,"column":18}},"loc":{"start":{"line":64,"column":29},"end":{"line":69,"column":1}},"line":64},"6":{"name":"(anonymous_6)","decl":{"start":{"line":66,"column":21},"end":{"line":66,"column":22}},"loc":{"start":{"line":66,"column":42},"end":{"line":68,"column":3}},"line":66},"7":{"name":"updateStaff","decl":{"start":{"line":72,"column":9},"end":{"line":72,"column":20}},"loc":{"start":{"line":72,"column":31},"end":{"line":91,"column":1}},"line":72},"8":{"name":"(anonymous_8)","decl":{"start":{"line":73,"column":32},"end":{"line":73,"column":33}},"loc":{"start":{"line":73,"column":53},"end":{"line":90,"column":3}},"line":73},"9":{"name":"(anonymous_9)","decl":{"start":{"line":83,"column":14},"end":{"line":83,"column":15}},"loc":{"start":{"line":83,"column":23},"end":{"line":85,"column":9}},"line":83},"10":{"name":"(anonymous_10)","decl":{"start":{"line":86,"column":15},"end":{"line":86,"column":16}},"loc":{"start":{"line":86,"column":22},"end":{"line":88,"column":9}},"line":86},"11":{"name":"deleteStaff","decl":{"start":{"line":94,"column":15},"end":{"line":94,"column":26}},"loc":{"start":{"line":94,"column":37},"end":{"line":108,"column":1}},"line":94},"12":{"name":"(anonymous_12)","decl":{"start":{"line":111,"column":20},"end":{"line":111,"column":21}},"loc":{"start":{"line":111,"column":40},"end":{"line":128,"column":1}},"line":111},"13":{"name":"(anonymous_13)","decl":{"start":{"line":115,"column":33},"end":{"line":115,"column":34}},"loc":{"start":{"line":115,"column":41},"end":{"line":123,"column":5}},"line":115}},"branchMap":{"0":{"loc":{"start":{"line":38,"column":4},"end":{"line":42,"column":5}},"type":"if","locations":[{"start":{"line":38,"column":4},"end":{"line":42,"column":5}},{"start":{"line":38,"column":4},"end":{"line":42,"column":5}}],"line":38},"1":{"loc":{"start":{"line":74,"column":4},"end":{"line":89,"column":5}},"type":"if","locations":[{"start":{"line":74,"column":4},"end":{"line":89,"column":5}},{"start":{"line":74,"column":4},"end":{"line":89,"column":5}}],"line":74},"2":{"loc":{"start":{"line":99,"column":4},"end":{"line":101,"column":5}},"type":"if","locations":[{"start":{"line":99,"column":4},"end":{"line":101,"column":5}},{"start":{"line":99,"column":4},"end":{"line":101,"column":5}}],"line":99},"3":{"loc":{"start":{"line":99,"column":8},"end":{"line":99,"column":59}},"type":"binary-expr","locations":[{"start":{"line":99,"column":8},"end":{"line":99,"column":49}},{"start":{"line":99,"column":53},"end":{"line":99,"column":59}}],"line":99}},"s":{"0":8,"1":8,"2":8,"3":8,"4":0,"5":0,"6":0,"7":0,"8":0,"9":0,"10":0,"11":0,"12":0,"13":0,"14":0,"15":0,"16":0,"17":0,"18":1,"19":1,"20":0,"21":1,"22":0,"23":0,"24":0,"25":0,"26":0,"27":0,"28":0,"29":0,"30":0,"31":0,"32":0,"33":0,"34":0,"35":0,"36":0,"37":0,"38":0,"39":0,"40":0,"41":0,"42":0,"43":0,"44":0,"45":0,"46":0,"47":0,"48":0,"49":8,"50":0,"51":0,"52":0,"53":0,"54":0,"55":0,"56":8},"f":{"0":0,"1":0,"2":1,"3":1,"4":0,"5":0,"6":0,"7":0,"8":0,"9":0,"10":0,"11":0,"12":0,"13":0},"b":{"0":[0,1],"1":[0,0],"2":[0,0],"3":[0,0]},"_coverageSchema":"43e27e138ebf9cfc5966b082cf9a028302ed4184","hash":"6cc212e91383c7f932f531cbbbf25e3f0bee7b25"}
,"/Users/caiheng/Desktop/MERN-stack/GP-Back/controllers/appointment.js": {"path":"/Users/caiheng/Desktop/MERN-stack/GP-Back/controllers/appointment.js","statementMap":{"0":{"start":{"line":1,"column":20},"end":{"line":1,"column":52}},"1":{"start":{"line":2,"column":17},"end":{"line":2,"column":36}},"2":{"start":{"line":6,"column":2},"end":{"line":25,"column":3}},"3":{"start":{"line":7,"column":68},"end":{"line":7,"column":76}},"4":{"start":{"line":9,"column":25},"end":{"line":17,"column":6}},"5":{"start":{"line":19,"column":4},"end":{"line":19,"column":46}},"6":{"start":{"line":21,"column":4},"end":{"line":21,"column":37}},"7":{"start":{"line":23,"column":4},"end":{"line":23,"column":28}},"8":{"start":{"line":24,"column":4},"end":{"line":24,"column":38}},"9":{"start":{"line":31,"column":1},"end":{"line":40,"column":2}},"10":{"start":{"line":32,"column":16},"end":{"line":32,"column":33}},"11":{"start":{"line":33,"column":16},"end":{"line":33,"column":95}},"12":{"start":{"line":34,"column":2},"end":{"line":34,"column":34}},"13":{"start":{"line":35,"column":24},"end":{"line":35,"column":35}},"14":{"start":{"line":36,"column":2},"end":{"line":36,"column":25}},"15":{"start":{"line":38,"column":3},"end":{"line":38,"column":20}},"16":{"start":{"line":39,"column":3},"end":{"line":39,"column":36}},"17":{"start":{"line":45,"column":4},"end":{"line":54,"column":7}},"18":{"start":{"line":46,"column":6},"end":{"line":53,"column":7}},"19":{"start":{"line":47,"column":8},"end":{"line":47,"column":27}},"20":{"start":{"line":49,"column":8},"end":{"line":51,"column":11}},"21":{"start":{"line":57,"column":0},"end":{"line":57,"column":75}}},"fnMap":{"0":{"name":"newAppointment","decl":{"start":{"line":5,"column":15},"end":{"line":5,"column":29}},"loc":{"start":{"line":5,"column":41},"end":{"line":26,"column":1}},"line":5},"1":{"name":"getAppointmentsByUser","decl":{"start":{"line":30,"column":15},"end":{"line":30,"column":36}},"loc":{"start":{"line":30,"column":48},"end":{"line":41,"column":1}},"line":30},"2":{"name":"cancelAppointment","decl":{"start":{"line":44,"column":15},"end":{"line":44,"column":32}},"loc":{"start":{"line":44,"column":50},"end":{"line":55,"column":1}},"line":44},"3":{"name":"(anonymous_3)","decl":{"start":{"line":45,"column":75},"end":{"line":45,"column":76}},"loc":{"start":{"line":45,"column":99},"end":{"line":54,"column":5}},"line":45}},"branchMap":{"0":{"loc":{"start":{"line":46,"column":6},"end":{"line":53,"column":7}},"type":"if","locations":[{"start":{"line":46,"column":6},"end":{"line":53,"column":7}},{"start":{"line":46,"column":6},"end":{"line":53,"column":7}}],"line":46}},"s":{"0":8,"1":8,"2":2,"3":2,"4":2,"5":2,"6":1,"7":1,"8":1,"9":0,"10":0,"11":0,"12":0,"13":0,"14":0,"15":0,"16":0,"17":2,"18":2,"19":1,"20":1,"21":8},"f":{"0":2,"1":0,"2":2,"3":2},"b":{"0":[1,1]},"_coverageSchema":"43e27e138ebf9cfc5966b082cf9a028302ed4184","hash":"d6eb2e2882bf428892fa6e799980d5525bcd999f"}
,"/Users/caiheng/Desktop/MERN-stack/GP-Back/controllers/index.js": {"path":"/Users/caiheng/Desktop/MERN-stack/GP-Back/controllers/index.js","statementMap":{"0":{"start":{"line":1,"column":14},"end":{"line":3,"column":1}},"1":{"start":{"line":2,"column":2},"end":{"line":2,"column":35}},"2":{"start":{"line":5,"column":0},"end":{"line":5,"column":23}}},"fnMap":{"0":{"name":"(anonymous_0)","decl":{"start":{"line":1,"column":14},"end":{"line":1,"column":15}},"loc":{"start":{"line":1,"column":27},"end":{"line":3,"column":1}},"line":1}},"branchMap":{},"s":{"0":8,"1":0,"2":8},"f":{"0":0},"b":{},"_coverageSchema":"43e27e138ebf9cfc5966b082cf9a028302ed4184","hash":"251dba22724d7c78d200645d3e444b1a00e8da72"}
,"/Users/caiheng/Desktop/MERN-stack/GP-Back/controllers/mail.js": {"path":"/Users/caiheng/Desktop/MERN-stack/GP-Back/controllers/mail.js","statementMap":{"0":{"start":{"line":1,"column":19},"end":{"line":1,"column":40}},"1":{"start":{"line":2,"column":15},"end":{"line":2,"column":32}},"2":{"start":{"line":3,"column":15},"end":{"line":3,"column":41}},"3":{"start":{"line":4,"column":16},"end":{"line":4,"column":44}},"4":{"start":{"line":5,"column":0},"end":{"line":5,"column":27}},"5":{"start":{"line":8,"column":18},"end":{"line":17,"column":2}},"6":{"start":{"line":20,"column":13},"end":{"line":58,"column":1}},"7":{"start":{"line":21,"column":2},"end":{"line":57,"column":3}},"8":{"start":{"line":22,"column":19},"end":{"line":34,"column":5}},"9":{"start":{"line":37,"column":22},"end":{"line":43,"column":5}},"10":{"start":{"line":46,"column":4},"end":{"line":54,"column":7}},"11":{"start":{"line":47,"column":6},"end":{"line":49,"column":7}},"12":{"start":{"line":48,"column":8},"end":{"line":48,"column":34}},"13":{"start":{"line":50,"column":6},"end":{"line":50,"column":54}},"14":{"start":{"line":51,"column":6},"end":{"line":51,"column":73}},"15":{"start":{"line":53,"column":6},"end":{"line":53,"column":64}},"16":{"start":{"line":56,"column":4},"end":{"line":56,"column":25}},"17":{"start":{"line":61,"column":22},"end":{"line":77,"column":1}},"18":{"start":{"line":62,"column":2},"end":{"line":76,"column":3}},"19":{"start":{"line":63,"column":22},"end":{"line":63,"column":30}},"20":{"start":{"line":64,"column":15},"end":{"line":64,"column":23}},"21":{"start":{"line":65,"column":4},"end":{"line":70,"column":7}},"22":{"start":{"line":71,"column":4},"end":{"line":71,"column":32}},"23":{"start":{"line":72,"column":4},"end":{"line":72,"column":26}},"24":{"start":{"line":73,"column":4},"end":{"line":73,"column":54}},"25":{"start":{"line":75,"column":4},"end":{"line":75,"column":38}},"26":{"start":{"line":80,"column":20},"end":{"line":113,"column":1}},"27":{"start":{"line":81,"column":2},"end":{"line":112,"column":3}},"28":{"start":{"line":82,"column":69},"end":{"line":82,"column":77}},"29":{"start":{"line":83,"column":24},"end":{"line":83,"column":70}},"30":{"start":{"line":85,"column":19},"end":{"line":100,"column":3}},"31":{"start":{"line":101,"column":4},"end":{"line":107,"column":7}},"32":{"start":{"line":108,"column":4},"end":{"line":108,"column":26}},"33":{"start":{"line":110,"column":4},"end":{"line":110,"column":29}},"34":{"start":{"line":111,"column":4},"end":{"line":111,"column":38}},"35":{"start":{"line":116,"column":26},"end":{"line":147,"column":1}},"36":{"start":{"line":117,"column":2},"end":{"line":146,"column":3}},"37":{"start":{"line":118,"column":69},"end":{"line":118,"column":77}},"38":{"start":{"line":119,"column":24},"end":{"line":119,"column":70}},"39":{"start":{"line":121,"column":19},"end":{"line":134,"column":3}},"40":{"start":{"line":135,"column":4},"end":{"line":141,"column":7}},"41":{"start":{"line":142,"column":4},"end":{"line":142,"column":26}},"42":{"start":{"line":144,"column":4},"end":{"line":144,"column":29}},"43":{"start":{"line":145,"column":4},"end":{"line":145,"column":38}},"44":{"start":{"line":148,"column":0},"end":{"line":148,"column":73}}},"fnMap":{"0":{"name":"(anonymous_0)","decl":{"start":{"line":20,"column":13},"end":{"line":20,"column":14}},"loc":{"start":{"line":20,"column":27},"end":{"line":58,"column":1}},"line":20},"1":{"name":"(anonymous_1)","decl":{"start":{"line":46,"column":38},"end":{"line":46,"column":39}},"loc":{"start":{"line":46,"column":55},"end":{"line":54,"column":5}},"line":46},"2":{"name":"(anonymous_2)","decl":{"start":{"line":61,"column":22},"end":{"line":61,"column":23}},"loc":{"start":{"line":61,"column":42},"end":{"line":77,"column":1}},"line":61},"3":{"name":"(anonymous_3)","decl":{"start":{"line":80,"column":20},"end":{"line":80,"column":21}},"loc":{"start":{"line":80,"column":40},"end":{"line":113,"column":1}},"line":80},"4":{"name":"(anonymous_4)","decl":{"start":{"line":116,"column":26},"end":{"line":116,"column":27}},"loc":{"start":{"line":116,"column":46},"end":{"line":147,"column":1}},"line":116}},"branchMap":{"0":{"loc":{"start":{"line":47,"column":6},"end":{"line":49,"column":7}},"type":"if","locations":[{"start":{"line":47,"column":6},"end":{"line":49,"column":7}},{"start":{"line":47,"column":6},"end":{"line":49,"column":7}}],"line":47}},"s":{"0":8,"1":8,"2":8,"3":8,"4":8,"5":8,"6":8,"7":0,"8":0,"9":0,"10":0,"11":0,"12":0,"13":0,"14":0,"15":0,"16":0,"17":8,"18":0,"19":0,"20":0,"21":0,"22":0,"23":0,"24":0,"25":0,"26":8,"27":1,"28":1,"29":1,"30":0,"31":0,"32":0,"33":1,"34":1,"35":8,"36":0,"37":0,"38":0,"39":0,"40":0,"41":0,"42":0,"43":0,"44":8},"f":{"0":0,"1":0,"2":0,"3":1,"4":0},"b":{"0":[0,0]},"_coverageSchema":"43e27e138ebf9cfc5966b082cf9a028302ed4184","hash":"7783b60fba81e1c28496a57653bf3aad663008d3"}
,"/Users/caiheng/Desktop/MERN-stack/GP-Back/controllers/openingHours.js": {"path":"/Users/caiheng/Desktop/MERN-stack/GP-Back/controllers/openingHours.js","statementMap":{"0":{"start":{"line":1,"column":21},"end":{"line":1,"column":54}},"1":{"start":{"line":3,"column":14},"end":{"line":6,"column":1}},"2":{"start":{"line":4,"column":16},"end":{"line":4,"column":64}},"3":{"start":{"line":5,"column":2},"end":{"line":5,"column":18}},"4":{"start":{"line":8,"column":13},"end":{"line":15,"column":1}},"5":{"start":{"line":9,"column":2},"end":{"line":14,"column":3}},"6":{"start":{"line":10,"column":18},"end":{"line":10,"column":60}},"7":{"start":{"line":11,"column":4},"end":{"line":11,"column":20}},"8":{"start":{"line":13,"column":4},"end":{"line":13,"column":38}},"9":{"start":{"line":17,"column":15},"end":{"line":34,"column":1}},"10":{"start":{"line":18,"column":2},"end":{"line":33,"column":3}},"11":{"start":{"line":19,"column":4},"end":{"line":19,"column":36}},"12":{"start":{"line":20,"column":18},"end":{"line":20,"column":41}},"13":{"start":{"line":21,"column":17},"end":{"line":21,"column":38}},"14":{"start":{"line":22,"column":17},"end":{"line":28,"column":6}},"15":{"start":{"line":23,"column":6},"end":{"line":27,"column":8}},"16":{"start":{"line":29,"column":4},"end":{"line":29,"column":40}},"17":{"start":{"line":30,"column":4},"end":{"line":30,"column":14}},"18":{"start":{"line":32,"column":4},"end":{"line":32,"column":38}},"19":{"start":{"line":36,"column":0},"end":{"line":40,"column":2}}},"fnMap":{"0":{"name":"(anonymous_0)","decl":{"start":{"line":3,"column":14},"end":{"line":3,"column":15}},"loc":{"start":{"line":3,"column":34},"end":{"line":6,"column":1}},"line":3},"1":{"name":"(anonymous_1)","decl":{"start":{"line":8,"column":13},"end":{"line":8,"column":14}},"loc":{"start":{"line":8,"column":33},"end":{"line":15,"column":1}},"line":8},"2":{"name":"(anonymous_2)","decl":{"start":{"line":17,"column":15},"end":{"line":17,"column":16}},"loc":{"start":{"line":17,"column":41},"end":{"line":34,"column":1}},"line":17},"3":{"name":"(anonymous_3)","decl":{"start":{"line":22,"column":27},"end":{"line":22,"column":28}},"loc":{"start":{"line":22,"column":44},"end":{"line":28,"column":5}},"line":22}},"branchMap":{},"s":{"0":8,"1":8,"2":1,"3":1,"4":8,"5":0,"6":0,"7":0,"8":0,"9":8,"10":0,"11":0,"12":0,"13":0,"14":0,"15":0,"16":0,"17":0,"18":0,"19":8},"f":{"0":1,"1":0,"2":0,"3":0},"b":{},"_coverageSchema":"43e27e138ebf9cfc5966b082cf9a028302ed4184","hash":"7bb342c3e8a38aea13a6eacab3c41db57a5a6d04"}
,"/Users/caiheng/Desktop/MERN-stack/GP-Back/controllers/service.js": {"path":"/Users/caiheng/Desktop/MERN-stack/GP-Back/controllers/service.js","statementMap":{"0":{"start":{"line":1,"column":16},"end":{"line":1,"column":44}},"1":{"start":{"line":3,"column":14},"end":{"line":6,"column":1}},"2":{"start":{"line":4,"column":19},"end":{"line":4,"column":39}},"3":{"start":{"line":5,"column":2},"end":{"line":5,"column":21}},"4":{"start":{"line":9,"column":2},"end":{"line":14,"column":3}},"5":{"start":{"line":10,"column":20},"end":{"line":10,"column":57}},"6":{"start":{"line":11,"column":4},"end":{"line":11,"column":22}},"7":{"start":{"line":13,"column":4},"end":{"line":13,"column":38}},"8":{"start":{"line":18,"column":2},"end":{"line":33,"column":3}},"9":{"start":{"line":19,"column":58},"end":{"line":19,"column":66}},"10":{"start":{"line":20,"column":23},"end":{"line":24,"column":6}},"11":{"start":{"line":26,"column":25},"end":{"line":26,"column":48}},"12":{"start":{"line":27,"column":4},"end":{"line":29,"column":80}},"13":{"start":{"line":29,"column":18},"end":{"line":29,"column":51}},"14":{"start":{"line":31,"column":4},"end":{"line":31,"column":29}},"15":{"start":{"line":32,"column":4},"end":{"line":32,"column":34}},"16":{"start":{"line":36,"column":16},"end":{"line":46,"column":1}},"17":{"start":{"line":37,"column":2},"end":{"line":45,"column":5}},"18":{"start":{"line":38,"column":4},"end":{"line":44,"column":5}},"19":{"start":{"line":39,"column":6},"end":{"line":39,"column":25}},"20":{"start":{"line":41,"column":6},"end":{"line":43,"column":9}},"21":{"start":{"line":48,"column":15},"end":{"line":61,"column":1}},"22":{"start":{"line":49,"column":2},"end":{"line":60,"column":3}},"23":{"start":{"line":50,"column":27},"end":{"line":56,"column":5}},"24":{"start":{"line":57,"column":4},"end":{"line":57,"column":29}},"25":{"start":{"line":59,"column":4},"end":{"line":59,"column":38}},"26":{"start":{"line":63,"column":0},"end":{"line":69,"column":2}}},"fnMap":{"0":{"name":"(anonymous_0)","decl":{"start":{"line":3,"column":14},"end":{"line":3,"column":15}},"loc":{"start":{"line":3,"column":34},"end":{"line":6,"column":1}},"line":3},"1":{"name":"show","decl":{"start":{"line":8,"column":15},"end":{"line":8,"column":19}},"loc":{"start":{"line":8,"column":30},"end":{"line":15,"column":1}},"line":8},"2":{"name":"create","decl":{"start":{"line":17,"column":15},"end":{"line":17,"column":21}},"loc":{"start":{"line":17,"column":32},"end":{"line":34,"column":1}},"line":17},"3":{"name":"(anonymous_3)","decl":{"start":{"line":29,"column":12},"end":{"line":29,"column":13}},"loc":{"start":{"line":29,"column":18},"end":{"line":29,"column":51}},"line":29},"4":{"name":"(anonymous_4)","decl":{"start":{"line":36,"column":16},"end":{"line":36,"column":17}},"loc":{"start":{"line":36,"column":36},"end":{"line":46,"column":1}},"line":36},"5":{"name":"(anonymous_5)","decl":{"start":{"line":37,"column":43},"end":{"line":37,"column":44}},"loc":{"start":{"line":37,"column":60},"end":{"line":45,"column":3}},"line":37},"6":{"name":"(anonymous_6)","decl":{"start":{"line":48,"column":15},"end":{"line":48,"column":16}},"loc":{"start":{"line":48,"column":41},"end":{"line":61,"column":1}},"line":48}},"branchMap":{"0":{"loc":{"start":{"line":38,"column":4},"end":{"line":44,"column":5}},"type":"if","locations":[{"start":{"line":38,"column":4},"end":{"line":44,"column":5}},{"start":{"line":38,"column":4},"end":{"line":44,"column":5}}],"line":38}},"s":{"0":8,"1":8,"2":1,"3":1,"4":1,"5":1,"6":1,"7":0,"8":2,"9":2,"10":2,"11":2,"12":1,"13":0,"14":2,"15":2,"16":8,"17":0,"18":0,"19":0,"20":0,"21":8,"22":0,"23":0,"24":0,"25":0,"26":8},"f":{"0":1,"1":1,"2":2,"3":0,"4":0,"5":0,"6":0},"b":{"0":[0,0]},"_coverageSchema":"43e27e138ebf9cfc5966b082cf9a028302ed4184","hash":"24ad4c1d773f7ec77a38159bc83a223070a6d703"}
,"/Users/caiheng/Desktop/MERN-stack/GP-Back/controllers/token_middleware.js": {"path":"/Users/caiheng/Desktop/MERN-stack/GP-Back/controllers/token_middleware.js","statementMap":{"0":{"start":{"line":1,"column":10},"end":{"line":1,"column":35}},"1":{"start":{"line":2,"column":21},"end":{"line":2,"column":45}},"2":{"start":{"line":3,"column":13},"end":{"line":3,"column":38}},"3":{"start":{"line":7,"column":19},"end":{"line":51,"column":1}},"4":{"start":{"line":10,"column":14},"end":{"line":11,"column":48}},"5":{"start":{"line":14,"column":2},"end":{"line":18,"column":3}},"6":{"start":{"line":17,"column":4},"end":{"line":17,"column":43}},"7":{"start":{"line":20,"column":2},"end":{"line":50,"column":3}},"8":{"start":{"line":23,"column":4},"end":{"line":40,"column":8}},"9":{"start":{"line":25,"column":6},"end":{"line":39,"column":7}},"10":{"start":{"line":27,"column":8},"end":{"line":27,"column":44}},"11":{"start":{"line":28,"column":8},"end":{"line":32,"column":12}},"12":{"start":{"line":36,"column":8},"end":{"line":36,"column":30}},"13":{"start":{"line":37,"column":8},"end":{"line":37,"column":15}},"14":{"start":{"line":44,"column":4},"end":{"line":48,"column":8}},"15":{"start":{"line":54,"column":27},"end":{"line":68,"column":1}},"16":{"start":{"line":55,"column":2},"end":{"line":67,"column":3}},"17":{"start":{"line":56,"column":20},"end":{"line":56,"column":31}},"18":{"start":{"line":57,"column":17},"end":{"line":59,"column":6}},"19":{"start":{"line":60,"column":4},"end":{"line":64,"column":5}},"20":{"start":{"line":61,"column":6},"end":{"line":61,"column":49}},"21":{"start":{"line":63,"column":6},"end":{"line":63,"column":28}},"22":{"start":{"line":66,"column":4},"end":{"line":66,"column":37}},"23":{"start":{"line":70,"column":0},"end":{"line":73,"column":1}}},"fnMap":{"0":{"name":"(anonymous_0)","decl":{"start":{"line":7,"column":19},"end":{"line":7,"column":20}},"loc":{"start":{"line":8,"column":0},"end":{"line":51,"column":1}},"line":8},"1":{"name":"(anonymous_1)","decl":{"start":{"line":23,"column":37},"end":{"line":23,"column":38}},"loc":{"start":{"line":24,"column":4},"end":{"line":40,"column":5}},"line":24},"2":{"name":"(anonymous_2)","decl":{"start":{"line":54,"column":27},"end":{"line":54,"column":28}},"loc":{"start":{"line":54,"column":47},"end":{"line":68,"column":1}},"line":54}},"branchMap":{"0":{"loc":{"start":{"line":10,"column":14},"end":{"line":11,"column":48}},"type":"binary-expr","locations":[{"start":{"line":10,"column":14},"end":{"line":10,"column":43}},{"start":{"line":11,"column":14},"end":{"line":11,"column":42}},{"start":{"line":11,"column":46},"end":{"line":11,"column":48}}],"line":10},"1":{"loc":{"start":{"line":14,"column":2},"end":{"line":18,"column":3}},"type":"if","locations":[{"start":{"line":14,"column":2},"end":{"line":18,"column":3}},{"start":{"line":14,"column":2},"end":{"line":18,"column":3}}],"line":14},"2":{"loc":{"start":{"line":20,"column":2},"end":{"line":50,"column":3}},"type":"if","locations":[{"start":{"line":20,"column":2},"end":{"line":50,"column":3}},{"start":{"line":20,"column":2},"end":{"line":50,"column":3}}],"line":20},"3":{"loc":{"start":{"line":25,"column":6},"end":{"line":39,"column":7}},"type":"if","locations":[{"start":{"line":25,"column":6},"end":{"line":39,"column":7}},{"start":{"line":25,"column":6},"end":{"line":39,"column":7}}],"line":25},"4":{"loc":{"start":{"line":60,"column":4},"end":{"line":64,"column":5}},"type":"if","locations":[{"start":{"line":60,"column":4},"end":{"line":64,"column":5}},{"start":{"line":60,"column":4},"end":{"line":64,"column":5}}],"line":60}},"s":{"0":8,"1":8,"2":8,"3":8,"4":25,"5":25,"6":0,"7":25,"8":0,"9":0,"10":0,"11":0,"12":0,"13":0,"14":25,"15":8,"16":0,"17":0,"18":0,"19":0,"20":0,"21":0,"22":0,"23":8},"f":{"0":25,"1":0,"2":0},"b":{"0":[25,25,25],"1":[0,25],"2":[0,25],"3":[0,0],"4":[0,0]},"_coverageSchema":"43e27e138ebf9cfc5966b082cf9a028302ed4184","hash":"543ac2d00094ee75f126e773b37edf645795358c"}
,"/Users/caiheng/Desktop/MERN-stack/GP-Back/controllers/users.js": {"path":"/Users/caiheng/Desktop/MERN-stack/GP-Back/controllers/users.js","statementMap":{"0":{"start":{"line":1,"column":13},"end":{"line":1,"column":38}},"1":{"start":{"line":2,"column":12},"end":{"line":2,"column":35}},"2":{"start":{"line":3,"column":15},"end":{"line":3,"column":34}},"3":{"start":{"line":6,"column":21},"end":{"line":8,"column":1}},"4":{"start":{"line":7,"column":2},"end":{"line":7,"column":41}},"5":{"start":{"line":11,"column":24},"end":{"line":13,"column":1}},"6":{"start":{"line":12,"column":2},"end":{"line":12,"column":56}},"7":{"start":{"line":15,"column":21},"end":{"line":15,"column":45}},"8":{"start":{"line":18,"column":20},"end":{"line":20,"column":1}},"9":{"start":{"line":19,"column":2},"end":{"line":19,"column":72}},"10":{"start":{"line":24,"column":2},"end":{"line":43,"column":3}},"11":{"start":{"line":25,"column":60},"end":{"line":25,"column":68}},"12":{"start":{"line":26,"column":27},"end":{"line":26,"column":55}},"13":{"start":{"line":27,"column":18},"end":{"line":34,"column":6}},"14":{"start":{"line":35,"column":4},"end":{"line":35,"column":32}},"15":{"start":{"line":36,"column":18},"end":{"line":36,"column":35}},"16":{"start":{"line":37,"column":4},"end":{"line":38,"column":25}},"17":{"start":{"line":41,"column":4},"end":{"line":41,"column":28}},"18":{"start":{"line":42,"column":4},"end":{"line":42,"column":32}},"19":{"start":{"line":48,"column":2},"end":{"line":69,"column":3}},"20":{"start":{"line":49,"column":32},"end":{"line":49,"column":40}},"21":{"start":{"line":50,"column":17},"end":{"line":52,"column":6}},"22":{"start":{"line":53,"column":4},"end":{"line":66,"column":5}},"23":{"start":{"line":54,"column":30},"end":{"line":54,"column":76}},"24":{"start":{"line":55,"column":6},"end":{"line":63,"column":7}},"25":{"start":{"line":56,"column":8},"end":{"line":56,"column":34}},"26":{"start":{"line":57,"column":22},"end":{"line":57,"column":39}},"27":{"start":{"line":58,"column":8},"end":{"line":59,"column":29}},"28":{"start":{"line":61,"column":8},"end":{"line":61,"column":38}},"29":{"start":{"line":62,"column":8},"end":{"line":62,"column":60}},"30":{"start":{"line":65,"column":6},"end":{"line":65,"column":58}},"31":{"start":{"line":68,"column":4},"end":{"line":68,"column":68}},"32":{"start":{"line":74,"column":2},"end":{"line":95,"column":3}},"33":{"start":{"line":75,"column":30},"end":{"line":75,"column":38}},"34":{"start":{"line":76,"column":4},"end":{"line":78,"column":5}},"35":{"start":{"line":77,"column":6},"end":{"line":77,"column":51}},"36":{"start":{"line":79,"column":17},"end":{"line":81,"column":6}},"37":{"start":{"line":82,"column":4},"end":{"line":92,"column":5}},"38":{"start":{"line":83,"column":6},"end":{"line":83,"column":51}},"39":{"start":{"line":85,"column":29},"end":{"line":85,"column":57}},"40":{"start":{"line":86,"column":6},"end":{"line":86,"column":37}},"41":{"start":{"line":87,"column":6},"end":{"line":87,"column":32}},"42":{"start":{"line":88,"column":6},"end":{"line":88,"column":24}},"43":{"start":{"line":89,"column":20},"end":{"line":89,"column":37}},"44":{"start":{"line":90,"column":6},"end":{"line":91,"column":27}},"45":{"start":{"line":94,"column":4},"end":{"line":94,"column":37}},"46":{"start":{"line":99,"column":17},"end":{"line":123,"column":1}},"47":{"start":{"line":101,"column":16},"end":{"line":101,"column":33}},"48":{"start":{"line":104,"column":2},"end":{"line":122,"column":3}},"49":{"start":{"line":105,"column":17},"end":{"line":118,"column":5}},"50":{"start":{"line":109,"column":6},"end":{"line":116,"column":8}},"51":{"start":{"line":120,"column":4},"end":{"line":120,"column":28}},"52":{"start":{"line":121,"column":4},"end":{"line":121,"column":37}},"53":{"start":{"line":126,"column":17},"end":{"line":149,"column":1}},"54":{"start":{"line":127,"column":2},"end":{"line":148,"column":3}},"55":{"start":{"line":128,"column":19},"end":{"line":128,"column":39}},"56":{"start":{"line":129,"column":46},"end":{"line":129,"column":54}},"57":{"start":{"line":130,"column":22},"end":{"line":135,"column":3}},"58":{"start":{"line":136,"column":4},"end":{"line":143,"column":4}},"59":{"start":{"line":137,"column":21},"end":{"line":142,"column":6}},"60":{"start":{"line":146,"column":4},"end":{"line":146,"column":29}},"61":{"start":{"line":147,"column":4},"end":{"line":147,"column":38}},"62":{"start":{"line":151,"column":0},"end":{"line":151,"column":72}}},"fnMap":{"0":{"name":"(anonymous_0)","decl":{"start":{"line":6,"column":21},"end":{"line":6,"column":22}},"loc":{"start":{"line":6,"column":39},"end":{"line":8,"column":1}},"line":6},"1":{"name":"(anonymous_1)","decl":{"start":{"line":11,"column":24},"end":{"line":11,"column":25}},"loc":{"start":{"line":11,"column":60},"end":{"line":13,"column":1}},"line":11},"2":{"name":"(anonymous_2)","decl":{"start":{"line":18,"column":20},"end":{"line":18,"column":21}},"loc":{"start":{"line":18,"column":42},"end":{"line":20,"column":1}},"line":18},"3":{"name":"register","decl":{"start":{"line":23,"column":15},"end":{"line":23,"column":23}},"loc":{"start":{"line":23,"column":34},"end":{"line":44,"column":1}},"line":23},"4":{"name":"login","decl":{"start":{"line":47,"column":15},"end":{"line":47,"column":20}},"loc":{"start":{"line":47,"column":31},"end":{"line":70,"column":1}},"line":47},"5":{"name":"resetPassword","decl":{"start":{"line":73,"column":15},"end":{"line":73,"column":28}},"loc":{"start":{"line":73,"column":39},"end":{"line":96,"column":1}},"line":73},"6":{"name":"(anonymous_6)","decl":{"start":{"line":99,"column":17},"end":{"line":99,"column":18}},"loc":{"start":{"line":99,"column":37},"end":{"line":123,"column":1}},"line":99},"7":{"name":"(anonymous_7)","decl":{"start":{"line":108,"column":10},"end":{"line":108,"column":11}},"loc":{"start":{"line":108,"column":20},"end":{"line":117,"column":5}},"line":108},"8":{"name":"(anonymous_8)","decl":{"start":{"line":126,"column":17},"end":{"line":126,"column":18}},"loc":{"start":{"line":126,"column":37},"end":{"line":149,"column":1}},"line":126},"9":{"name":"(anonymous_9)","decl":{"start":{"line":137,"column":10},"end":{"line":137,"column":11}},"loc":{"start":{"line":137,"column":20},"end":{"line":143,"column":3}},"line":137}},"branchMap":{"0":{"loc":{"start":{"line":53,"column":4},"end":{"line":66,"column":5}},"type":"if","locations":[{"start":{"line":53,"column":4},"end":{"line":66,"column":5}},{"start":{"line":53,"column":4},"end":{"line":66,"column":5}}],"line":53},"1":{"loc":{"start":{"line":55,"column":6},"end":{"line":63,"column":7}},"type":"if","locations":[{"start":{"line":55,"column":6},"end":{"line":63,"column":7}},{"start":{"line":55,"column":6},"end":{"line":63,"column":7}}],"line":55},"2":{"loc":{"start":{"line":76,"column":4},"end":{"line":78,"column":5}},"type":"if","locations":[{"start":{"line":76,"column":4},"end":{"line":78,"column":5}},{"start":{"line":76,"column":4},"end":{"line":78,"column":5}}],"line":76},"3":{"loc":{"start":{"line":82,"column":4},"end":{"line":92,"column":5}},"type":"if","locations":[{"start":{"line":82,"column":4},"end":{"line":92,"column":5}},{"start":{"line":82,"column":4},"end":{"line":92,"column":5}}],"line":82}},"s":{"0":8,"1":8,"2":8,"3":8,"4":3,"5":8,"6":44,"7":8,"8":8,"9":43,"10":3,"11":3,"12":3,"13":2,"14":2,"15":0,"16":0,"17":3,"18":3,"19":47,"20":47,"21":47,"22":47,"23":44,"24":44,"25":43,"26":43,"27":43,"28":1,"29":1,"30":3,"31":0,"32":0,"33":0,"34":0,"35":0,"36":0,"37":0,"38":0,"39":0,"40":0,"41":0,"42":0,"43":0,"44":0,"45":0,"46":8,"47":0,"48":0,"49":0,"50":0,"51":0,"52":0,"53":8,"54":0,"55":0,"56":0,"57":0,"58":0,"59":0,"60":0,"61":0,"62":8},"f":{"0":3,"1":44,"2":43,"3":3,"4":47,"5":0,"6":0,"7":0,"8":0,"9":0},"b":{"0":[44,3],"1":[43,1],"2":[0,0],"3":[0,0]},"_coverageSchema":"43e27e138ebf9cfc5966b082cf9a028302ed4184","hash":"ad66d4e0a7c1f8bdfea9cb2b108610601ecbb5cd"}
,"/Users/caiheng/Desktop/MERN-stack/GP-Back/controllers/users_middleware.js": {"path":"/Users/caiheng/Desktop/MERN-stack/GP-Back/controllers/users_middleware.js","statementMap":{"0":{"start":{"line":1,"column":13},"end":{"line":1,"column":38}},"1":{"start":{"line":4,"column":19},"end":{"line":10,"column":1}},"2":{"start":{"line":5,"column":2},"end":{"line":9,"column":3}},"3":{"start":{"line":6,"column":4},"end":{"line":6,"column":11}},"4":{"start":{"line":8,"column":4},"end":{"line":8,"column":49}},"5":{"start":{"line":13,"column":19},"end":{"line":24,"column":1}},"6":{"start":{"line":14,"column":18},"end":{"line":14,"column":26}},"7":{"start":{"line":15,"column":15},"end":{"line":17,"column":4}},"8":{"start":{"line":18,"column":2},"end":{"line":23,"column":3}},"9":{"start":{"line":19,"column":4},"end":{"line":19,"column":69}},"10":{"start":{"line":21,"column":4},"end":{"line":21,"column":20}},"11":{"start":{"line":22,"column":4},"end":{"line":22,"column":11}},"12":{"start":{"line":26,"column":0},"end":{"line":26,"column":41}}},"fnMap":{"0":{"name":"(anonymous_0)","decl":{"start":{"line":4,"column":19},"end":{"line":4,"column":20}},"loc":{"start":{"line":4,"column":39},"end":{"line":10,"column":1}},"line":4},"1":{"name":"(anonymous_1)","decl":{"start":{"line":13,"column":19},"end":{"line":13,"column":20}},"loc":{"start":{"line":13,"column":45},"end":{"line":24,"column":1}},"line":13}},"branchMap":{"0":{"loc":{"start":{"line":5,"column":2},"end":{"line":9,"column":3}},"type":"if","locations":[{"start":{"line":5,"column":2},"end":{"line":9,"column":3}},{"start":{"line":5,"column":2},"end":{"line":9,"column":3}}],"line":5},"1":{"loc":{"start":{"line":18,"column":2},"end":{"line":23,"column":3}},"type":"if","locations":[{"start":{"line":18,"column":2},"end":{"line":23,"column":3}},{"start":{"line":18,"column":2},"end":{"line":23,"column":3}}],"line":18}},"s":{"0":8,"1":8,"2":0,"3":0,"4":0,"5":8,"6":0,"7":0,"8":0,"9":0,"10":0,"11":0,"12":8},"f":{"0":0,"1":0},"b":{"0":[0,0],"1":[0,0]},"_coverageSchema":"43e27e138ebf9cfc5966b082cf9a028302ed4184","hash":"d020c08416ab31b364e57a1b780216a0b7e05571"}
,"/Users/caiheng/Desktop/MERN-stack/GP-Back/controllers/vaccine.js": {"path":"/Users/caiheng/Desktop/MERN-stack/GP-Back/controllers/vaccine.js","statementMap":{"0":{"start":{"line":1,"column":16},"end":{"line":1,"column":45}},"1":{"start":{"line":3,"column":14},"end":{"line":6,"column":1}},"2":{"start":{"line":4,"column":19},"end":{"line":4,"column":74}},"3":{"start":{"line":5,"column":2},"end":{"line":5,"column":21}},"4":{"start":{"line":8,"column":13},"end":{"line":15,"column":1}},"5":{"start":{"line":9,"column":2},"end":{"line":14,"column":3}},"6":{"start":{"line":10,"column":20},"end":{"line":10,"column":57}},"7":{"start":{"line":11,"column":4},"end":{"line":11,"column":22}},"8":{"start":{"line":13,"column":4},"end":{"line":13,"column":38}},"9":{"start":{"line":17,"column":15},"end":{"line":35,"column":1}},"10":{"start":{"line":18,"column":2},"end":{"line":34,"column":3}},"11":{"start":{"line":19,"column":59},"end":{"line":19,"column":67}},"12":{"start":{"line":20,"column":23},"end":{"line":25,"column":6}},"13":{"start":{"line":27,"column":25},"end":{"line":27,"column":48}},"14":{"start":{"line":28,"column":4},"end":{"line":30,"column":80}},"15":{"start":{"line":30,"column":18},"end":{"line":30,"column":51}},"16":{"start":{"line":32,"column":4},"end":{"line":32,"column":29}},"17":{"start":{"line":33,"column":4},"end":{"line":33,"column":34}},"18":{"start":{"line":37,"column":16},"end":{"line":47,"column":1}},"19":{"start":{"line":38,"column":2},"end":{"line":46,"column":5}},"20":{"start":{"line":39,"column":4},"end":{"line":45,"column":5}},"21":{"start":{"line":40,"column":6},"end":{"line":40,"column":25}},"22":{"start":{"line":42,"column":6},"end":{"line":44,"column":9}},"23":{"start":{"line":49,"column":15},"end":{"line":62,"column":1}},"24":{"start":{"line":50,"column":2},"end":{"line":61,"column":3}},"25":{"start":{"line":51,"column":27},"end":{"line":57,"column":5}},"26":{"start":{"line":58,"column":4},"end":{"line":58,"column":29}},"27":{"start":{"line":60,"column":4},"end":{"line":60,"column":38}},"28":{"start":{"line":64,"column":0},"end":{"line":70,"column":2}}},"fnMap":{"0":{"name":"(anonymous_0)","decl":{"start":{"line":3,"column":14},"end":{"line":3,"column":15}},"loc":{"start":{"line":3,"column":34},"end":{"line":6,"column":1}},"line":3},"1":{"name":"(anonymous_1)","decl":{"start":{"line":8,"column":13},"end":{"line":8,"column":14}},"loc":{"start":{"line":8,"column":33},"end":{"line":15,"column":1}},"line":8},"2":{"name":"(anonymous_2)","decl":{"start":{"line":17,"column":15},"end":{"line":17,"column":16}},"loc":{"start":{"line":17,"column":35},"end":{"line":35,"column":1}},"line":17},"3":{"name":"(anonymous_3)","decl":{"start":{"line":30,"column":12},"end":{"line":30,"column":13}},"loc":{"start":{"line":30,"column":18},"end":{"line":30,"column":51}},"line":30},"4":{"name":"(anonymous_4)","decl":{"start":{"line":37,"column":16},"end":{"line":37,"column":17}},"loc":{"start":{"line":37,"column":36},"end":{"line":47,"column":1}},"line":37},"5":{"name":"(anonymous_5)","decl":{"start":{"line":38,"column":43},"end":{"line":38,"column":44}},"loc":{"start":{"line":38,"column":60},"end":{"line":46,"column":3}},"line":38},"6":{"name":"(anonymous_6)","decl":{"start":{"line":49,"column":15},"end":{"line":49,"column":16}},"loc":{"start":{"line":49,"column":41},"end":{"line":62,"column":1}},"line":49}},"branchMap":{"0":{"loc":{"start":{"line":39,"column":4},"end":{"line":45,"column":5}},"type":"if","locations":[{"start":{"line":39,"column":4},"end":{"line":45,"column":5}},{"start":{"line":39,"column":4},"end":{"line":45,"column":5}}],"line":39}},"s":{"0":8,"1":8,"2":1,"3":1,"4":8,"5":1,"6":1,"7":1,"8":0,"9":8,"10":0,"11":0,"12":0,"13":0,"14":0,"15":0,"16":0,"17":0,"18":8,"19":0,"20":0,"21":0,"22":0,"23":8,"24":0,"25":0,"26":0,"27":0,"28":8},"f":{"0":1,"1":1,"2":0,"3":0,"4":0,"5":0,"6":0},"b":{"0":[0,0]},"_coverageSchema":"43e27e138ebf9cfc5966b082cf9a028302ed4184","hash":"9a5b1962b8e2f43bf6cffd2e9c2918768cab941b"}
,"/Users/caiheng/Desktop/MERN-stack/GP-Back/models/about.js": {"path":"/Users/caiheng/Desktop/MERN-stack/GP-Back/models/about.js","statementMap":{"0":{"start":{"line":1,"column":17},"end":{"line":1,"column":36}},"1":{"start":{"line":2,"column":15},"end":{"line":2,"column":30}},"2":{"start":{"line":4,"column":20},"end":{"line":16,"column":1}},"3":{"start":{"line":18,"column":0},"end":{"line":18,"column":54}}},"fnMap":{},"branchMap":{},"s":{"0":8,"1":8,"2":8,"3":8},"f":{},"b":{},"_coverageSchema":"43e27e138ebf9cfc5966b082cf9a028302ed4184","hash":"388b69bd52c3e408bdd53dc913dc07783cea5829"}
,"/Users/caiheng/Desktop/MERN-stack/GP-Back/models/appointment.js": {"path":"/Users/caiheng/Desktop/MERN-stack/GP-Back/models/appointment.js","statementMap":{"0":{"start":{"line":1,"column":17},"end":{"line":1,"column":36}},"1":{"start":{"line":2,"column":15},"end":{"line":2,"column":30}},"2":{"start":{"line":4,"column":26},"end":{"line":37,"column":53}},"3":{"start":{"line":39,"column":0},"end":{"line":39,"column":66}}},"fnMap":{},"branchMap":{},"s":{"0":8,"1":8,"2":8,"3":8},"f":{},"b":{},"_coverageSchema":"43e27e138ebf9cfc5966b082cf9a028302ed4184","hash":"5e8fa3a0f0c97ae26c35222d3e4869d2e31fe321"}
,"/Users/caiheng/Desktop/MERN-stack/GP-Back/models/openingHours.js": {"path":"/Users/caiheng/Desktop/MERN-stack/GP-Back/models/openingHours.js","statementMap":{"0":{"start":{"line":1,"column":17},"end":{"line":1,"column":36}},"1":{"start":{"line":2,"column":15},"end":{"line":2,"column":30}},"2":{"start":{"line":4,"column":27},"end":{"line":20,"column":1}},"3":{"start":{"line":22,"column":0},"end":{"line":22,"column":68}}},"fnMap":{},"branchMap":{},"s":{"0":8,"1":8,"2":8,"3":8},"f":{},"b":{},"_coverageSchema":"43e27e138ebf9cfc5966b082cf9a028302ed4184","hash":"fb1d5ec8c393bdf7c247e52aaae54b55200cd788"}
,"/Users/caiheng/Desktop/MERN-stack/GP-Back/models/service.js": {"path":"/Users/caiheng/Desktop/MERN-stack/GP-Back/models/service.js","statementMap":{"0":{"start":{"line":1,"column":17},"end":{"line":1,"column":36}},"1":{"start":{"line":2,"column":15},"end":{"line":2,"column":30}},"2":{"start":{"line":4,"column":22},"end":{"line":17,"column":49}},"3":{"start":{"line":19,"column":0},"end":{"line":19,"column":58}}},"fnMap":{},"branchMap":{},"s":{"0":8,"1":8,"2":8,"3":8},"f":{},"b":{},"_coverageSchema":"43e27e138ebf9cfc5966b082cf9a028302ed4184","hash":"b2a2f921b3d49a40dd4fa3d0ba373cdc1a882d81"}
,"/Users/caiheng/Desktop/MERN-stack/GP-Back/models/staff.js": {"path":"/Users/caiheng/Desktop/MERN-stack/GP-Back/models/staff.js","statementMap":{"0":{"start":{"line":1,"column":17},"end":{"line":1,"column":36}},"1":{"start":{"line":2,"column":15},"end":{"line":2,"column":30}},"2":{"start":{"line":4,"column":20},"end":{"line":19,"column":47}},"3":{"start":{"line":21,"column":0},"end":{"line":21,"column":54}}},"fnMap":{},"branchMap":{},"s":{"0":8,"1":8,"2":8,"3":8},"f":{},"b":{},"_coverageSchema":"43e27e138ebf9cfc5966b082cf9a028302ed4184","hash":"fb042fa9ebdab331de6b46ebad01cb7d14faa73b"}
,"/Users/caiheng/Desktop/MERN-stack/GP-Back/models/user.js": {"path":"/Users/caiheng/Desktop/MERN-stack/GP-Back/models/user.js","statementMap":{"0":{"start":{"line":1,"column":17},"end":{"line":1,"column":36}},"1":{"start":{"line":2,"column":15},"end":{"line":2,"column":30}},"2":{"start":{"line":3,"column":24},"end":{"line":3,"column":60}},"3":{"start":{"line":5,"column":19},"end":{"line":45,"column":46}},"4":{"start":{"line":21,"column":6},"end":{"line":21,"column":98}},"5":{"start":{"line":47,"column":0},"end":{"line":47,"column":79}},"6":{"start":{"line":48,"column":0},"end":{"line":48,"column":52}}},"fnMap":{"0":{"name":"(anonymous_0)","decl":{"start":{"line":20,"column":26},"end":{"line":20,"column":27}},"loc":{"start":{"line":20,"column":42},"end":{"line":22,"column":7}},"line":20}},"branchMap":{},"s":{"0":8,"1":8,"2":8,"3":8,"4":2,"5":8,"6":8},"f":{"0":2},"b":{},"_coverageSchema":"43e27e138ebf9cfc5966b082cf9a028302ed4184","hash":"eb5a041e88627442f9846484e2ba2a8dccca9e4e"}
,"/Users/caiheng/Desktop/MERN-stack/GP-Back/models/vaccines.js": {"path":"/Users/caiheng/Desktop/MERN-stack/GP-Back/models/vaccines.js","statementMap":{"0":{"start":{"line":1,"column":17},"end":{"line":1,"column":36}},"1":{"start":{"line":2,"column":15},"end":{"line":2,"column":30}},"2":{"start":{"line":4,"column":22},"end":{"line":21,"column":1}},"3":{"start":{"line":23,"column":0},"end":{"line":23,"column":58}}},"fnMap":{},"branchMap":{},"s":{"0":8,"1":8,"2":8,"3":8},"f":{},"b":{},"_coverageSchema":"43e27e138ebf9cfc5966b082cf9a028302ed4184","hash":"80ad3ad6c614e9b5aaa400b207264148d7537563"}
,"/Users/caiheng/Desktop/MERN-stack/GP-Back/routes/about.js": {"path":"/Users/caiheng/Desktop/MERN-stack/GP-Back/routes/about.js","statementMap":{"0":{"start":{"line":1,"column":16},"end":{"line":1,"column":34}},"1":{"start":{"line":2,"column":15},"end":{"line":2,"column":31}},"2":{"start":{"line":3,"column":26},"end":{"line":3,"column":57}},"3":{"start":{"line":5,"column":0},"end":{"line":5,"column":27}},"4":{"start":{"line":7,"column":0},"end":{"line":7,"column":23}},"5":{"start":{"line":9,"column":0},"end":{"line":9,"column":34}},"6":{"start":{"line":11,"column":0},"end":{"line":11,"column":24}}},"fnMap":{},"branchMap":{},"s":{"0":8,"1":8,"2":8,"3":8,"4":8,"5":8,"6":8},"f":{},"b":{},"_coverageSchema":"43e27e138ebf9cfc5966b082cf9a028302ed4184","hash":"889e0001c9ea4326120010e5d4a9f285a779c819"}
,"/Users/caiheng/Desktop/MERN-stack/GP-Back/routes/admin-routes.js": {"path":"/Users/caiheng/Desktop/MERN-stack/GP-Back/routes/admin-routes.js","statementMap":{"0":{"start":{"line":1,"column":16},"end":{"line":1,"column":34}},"1":{"start":{"line":2,"column":15},"end":{"line":2,"column":31}},"2":{"start":{"line":3,"column":14},"end":{"line":3,"column":45}},"3":{"start":{"line":6,"column":23},"end":{"line":6,"column":65}},"4":{"start":{"line":7,"column":23},"end":{"line":7,"column":65}},"5":{"start":{"line":13,"column":0},"end":{"line":13,"column":37}},"6":{"start":{"line":14,"column":0},"end":{"line":14,"column":61}},"7":{"start":{"line":15,"column":0},"end":{"line":15,"column":67}},"8":{"start":{"line":16,"column":0},"end":{"line":16,"column":75}},"9":{"start":{"line":18,"column":0},"end":{"line":18,"column":66}},"10":{"start":{"line":19,"column":0},"end":{"line":19,"column":71}},"11":{"start":{"line":20,"column":0},"end":{"line":20,"column":75}},"12":{"start":{"line":21,"column":0},"end":{"line":21,"column":79}},"13":{"start":{"line":25,"column":0},"end":{"line":25,"column":24}}},"fnMap":{},"branchMap":{},"s":{"0":8,"1":8,"2":8,"3":8,"4":8,"5":8,"6":8,"7":8,"8":8,"9":8,"10":8,"11":8,"12":8,"13":8},"f":{},"b":{},"_coverageSchema":"43e27e138ebf9cfc5966b082cf9a028302ed4184","hash":"bd00be75fa5e84f0ebed74365bf243bfa718872a"}
,"/Users/caiheng/Desktop/MERN-stack/GP-Back/routes/appointments.js": {"path":"/Users/caiheng/Desktop/MERN-stack/GP-Back/routes/appointments.js","statementMap":{"0":{"start":{"line":1,"column":16},"end":{"line":1,"column":34}},"1":{"start":{"line":2,"column":15},"end":{"line":2,"column":31}},"2":{"start":{"line":3,"column":21},"end":{"line":3,"column":63}},"3":{"start":{"line":4,"column":67},"end":{"line":4,"column":104}},"4":{"start":{"line":7,"column":0},"end":{"line":7,"column":36}},"5":{"start":{"line":8,"column":0},"end":{"line":8,"column":40}},"6":{"start":{"line":9,"column":0},"end":{"line":9,"column":67}},"7":{"start":{"line":11,"column":0},"end":{"line":11,"column":24}}},"fnMap":{},"branchMap":{},"s":{"0":8,"1":8,"2":8,"3":8,"4":8,"5":8,"6":8,"7":8},"f":{},"b":{},"_coverageSchema":"43e27e138ebf9cfc5966b082cf9a028302ed4184","hash":"024ed3afd05ba5ea28607e46870cc00b18b4adf6"}
,"/Users/caiheng/Desktop/MERN-stack/GP-Back/routes/index.js": {"path":"/Users/caiheng/Desktop/MERN-stack/GP-Back/routes/index.js","statementMap":{"0":{"start":{"line":1,"column":16},"end":{"line":1,"column":34}},"1":{"start":{"line":2,"column":15},"end":{"line":2,"column":31}},"2":{"start":{"line":4,"column":0},"end":{"line":4,"column":48}},"3":{"start":{"line":6,"column":0},"end":{"line":6,"column":41}},"4":{"start":{"line":8,"column":0},"end":{"line":8,"column":55}},"5":{"start":{"line":10,"column":0},"end":{"line":10,"column":56}},"6":{"start":{"line":12,"column":0},"end":{"line":12,"column":39}},"7":{"start":{"line":14,"column":0},"end":{"line":14,"column":47}},"8":{"start":{"line":16,"column":0},"end":{"line":16,"column":47}},"9":{"start":{"line":18,"column":0},"end":{"line":18,"column":47}},"10":{"start":{"line":20,"column":0},"end":{"line":20,"column":49}},"11":{"start":{"line":22,"column":0},"end":{"line":22,"column":24}}},"fnMap":{},"branchMap":{},"s":{"0":8,"1":8,"2":8,"3":8,"4":8,"5":8,"6":8,"7":8,"8":8,"9":8,"10":8,"11":8},"f":{},"b":{},"_coverageSchema":"43e27e138ebf9cfc5966b082cf9a028302ed4184","hash":"3a2a6d69c19e56386a912b76695e83ff7111035a"}
,"/Users/caiheng/Desktop/MERN-stack/GP-Back/routes/mail.js": {"path":"/Users/caiheng/Desktop/MERN-stack/GP-Back/routes/mail.js","statementMap":{"0":{"start":{"line":1,"column":16},"end":{"line":1,"column":34}},"1":{"start":{"line":2,"column":15},"end":{"line":2,"column":31}},"2":{"start":{"line":8,"column":4},"end":{"line":8,"column":34}},"3":{"start":{"line":9,"column":23},"end":{"line":9,"column":65}},"4":{"start":{"line":10,"column":13},"end":{"line":10,"column":28}},"5":{"start":{"line":11,"column":12},"end":{"line":11,"column":32}},"6":{"start":{"line":13,"column":15},"end":{"line":17,"column":2}},"7":{"start":{"line":19,"column":17},"end":{"line":26,"column":1}},"8":{"start":{"line":20,"column":17},"end":{"line":20,"column":42}},"9":{"start":{"line":21,"column":2},"end":{"line":25,"column":3}},"10":{"start":{"line":22,"column":4},"end":{"line":22,"column":25}},"11":{"start":{"line":24,"column":4},"end":{"line":24,"column":10}},"12":{"start":{"line":28,"column":0},"end":{"line":28,"column":37}},"13":{"start":{"line":29,"column":0},"end":{"line":29,"column":41}},"14":{"start":{"line":30,"column":0},"end":{"line":30,"column":54}},"15":{"start":{"line":31,"column":0},"end":{"line":31,"column":57}},"16":{"start":{"line":33,"column":0},"end":{"line":33,"column":24}}},"fnMap":{"0":{"name":"(anonymous_0)","decl":{"start":{"line":19,"column":17},"end":{"line":19,"column":18}},"loc":{"start":{"line":19,"column":37},"end":{"line":26,"column":1}},"line":19}},"branchMap":{"0":{"loc":{"start":{"line":21,"column":2},"end":{"line":25,"column":3}},"type":"if","locations":[{"start":{"line":21,"column":2},"end":{"line":25,"column":3}},{"start":{"line":21,"column":2},"end":{"line":25,"column":3}}],"line":21}},"s":{"0":8,"1":8,"2":8,"3":8,"4":8,"5":8,"6":8,"7":8,"8":2,"9":2,"10":2,"11":0,"12":8,"13":8,"14":8,"15":8,"16":8},"f":{"0":2},"b":{"0":[2,0]},"_coverageSchema":"43e27e138ebf9cfc5966b082cf9a028302ed4184","hash":"68bbfab1b0d665ba6303c4a49f65fde2ad0b4763"}
,"/Users/caiheng/Desktop/MERN-stack/GP-Back/routes/openingHours.js": {"path":"/Users/caiheng/Desktop/MERN-stack/GP-Back/routes/openingHours.js","statementMap":{"0":{"start":{"line":1,"column":16},"end":{"line":1,"column":34}},"1":{"start":{"line":2,"column":15},"end":{"line":2,"column":31}},"2":{"start":{"line":3,"column":32},"end":{"line":3,"column":70}},"3":{"start":{"line":4,"column":23},"end":{"line":4,"column":65}},"4":{"start":{"line":5,"column":23},"end":{"line":5,"column":65}},"5":{"start":{"line":7,"column":0},"end":{"line":7,"column":27}},"6":{"start":{"line":9,"column":0},"end":{"line":9,"column":23}},"7":{"start":{"line":11,"column":0},"end":{"line":11,"column":51}},"8":{"start":{"line":13,"column":0},"end":{"line":13,"column":54}},"9":{"start":{"line":15,"column":0},"end":{"line":15,"column":24}}},"fnMap":{},"branchMap":{},"s":{"0":8,"1":8,"2":8,"3":8,"4":8,"5":8,"6":8,"7":8,"8":8,"9":8},"f":{},"b":{},"_coverageSchema":"43e27e138ebf9cfc5966b082cf9a028302ed4184","hash":"c955b666d31b41d0053d70eb50b117dca1cb804d"}
,"/Users/caiheng/Desktop/MERN-stack/GP-Back/routes/services.js": {"path":"/Users/caiheng/Desktop/MERN-stack/GP-Back/routes/services.js","statementMap":{"0":{"start":{"line":1,"column":16},"end":{"line":1,"column":34}},"1":{"start":{"line":2,"column":15},"end":{"line":2,"column":31}},"2":{"start":{"line":3,"column":23},"end":{"line":3,"column":65}},"3":{"start":{"line":4,"column":23},"end":{"line":4,"column":65}},"4":{"start":{"line":11,"column":4},"end":{"line":11,"column":37}},"5":{"start":{"line":13,"column":0},"end":{"line":13,"column":27}},"6":{"start":{"line":15,"column":0},"end":{"line":15,"column":23}},"7":{"start":{"line":17,"column":0},"end":{"line":17,"column":31}},"8":{"start":{"line":19,"column":0},"end":{"line":19,"column":57}},"9":{"start":{"line":21,"column":0},"end":{"line":21,"column":61}},"10":{"start":{"line":23,"column":0},"end":{"line":23,"column":25}},"11":{"start":{"line":25,"column":0},"end":{"line":25,"column":24}}},"fnMap":{},"branchMap":{},"s":{"0":8,"1":8,"2":8,"3":8,"4":8,"5":8,"6":8,"7":8,"8":8,"9":8,"10":8,"11":8},"f":{},"b":{},"_coverageSchema":"43e27e138ebf9cfc5966b082cf9a028302ed4184","hash":"ac1580ad04b8a75eaf9321d229d5ea1911faee48"}
,"/Users/caiheng/Desktop/MERN-stack/GP-Back/routes/users.js": {"path":"/Users/caiheng/Desktop/MERN-stack/GP-Back/routes/users.js","statementMap":{"0":{"start":{"line":1,"column":16},"end":{"line":1,"column":34}},"1":{"start":{"line":2,"column":15},"end":{"line":2,"column":31}},"2":{"start":{"line":3,"column":61},"end":{"line":3,"column":92}},"3":{"start":{"line":4,"column":41},"end":{"line":4,"column":83}},"4":{"start":{"line":6,"column":0},"end":{"line":6,"column":35}},"5":{"start":{"line":7,"column":0},"end":{"line":7,"column":29}},"6":{"start":{"line":8,"column":0},"end":{"line":8,"column":39}},"7":{"start":{"line":9,"column":0},"end":{"line":9,"column":56}},"8":{"start":{"line":10,"column":0},"end":{"line":10,"column":47}},"9":{"start":{"line":11,"column":0},"end":{"line":11,"column":45}},"10":{"start":{"line":12,"column":0},"end":{"line":12,"column":36}},"11":{"start":{"line":14,"column":0},"end":{"line":14,"column":24}}},"fnMap":{},"branchMap":{},"s":{"0":8,"1":8,"2":8,"3":8,"4":8,"5":8,"6":8,"7":8,"8":8,"9":8,"10":8,"11":8},"f":{},"b":{},"_coverageSchema":"43e27e138ebf9cfc5966b082cf9a028302ed4184","hash":"074685d04e484059e9bdcae3e9ecda3f07fe1fae"}
,"/Users/caiheng/Desktop/MERN-stack/GP-Back/routes/vaccines.js": {"path":"/Users/caiheng/Desktop/MERN-stack/GP-Back/routes/vaccines.js","statementMap":{"0":{"start":{"line":1,"column":16},"end":{"line":1,"column":34}},"1":{"start":{"line":2,"column":23},"end":{"line":2,"column":65}},"2":{"start":{"line":3,"column":23},"end":{"line":3,"column":65}},"3":{"start":{"line":4,"column":15},"end":{"line":4,"column":31}},"4":{"start":{"line":11,"column":4},"end":{"line":11,"column":37}},"5":{"start":{"line":13,"column":0},"end":{"line":13,"column":27}},"6":{"start":{"line":15,"column":0},"end":{"line":15,"column":23}},"7":{"start":{"line":17,"column":0},"end":{"line":17,"column":55}},"8":{"start":{"line":19,"column":0},"end":{"line":19,"column":58}},"9":{"start":{"line":21,"column":0},"end":{"line":21,"column":62}},"10":{"start":{"line":23,"column":0},"end":{"line":23,"column":25}},"11":{"start":{"line":25,"column":0},"end":{"line":25,"column":24}}},"fnMap":{},"branchMap":{},"s":{"0":8,"1":8,"2":8,"3":8,"4":8,"5":8,"6":8,"7":8,"8":8,"9":8,"10":8,"11":8},"f":{},"b":{},"_coverageSchema":"43e27e138ebf9cfc5966b082cf9a028302ed4184","hash":"ab386ab3c74f88ac5486058b0228865e038ae693"}
,"/Users/caiheng/Desktop/MERN-stack/GP-Back/testing_utils/login.js": {"path":"/Users/caiheng/Desktop/MERN-stack/GP-Back/testing_utils/login.js","statementMap":{"0":{"start":{"line":1,"column":16},"end":{"line":1,"column":36}},"1":{"start":{"line":2,"column":12},"end":{"line":2,"column":29}},"2":{"start":{"line":3,"column":0},"end":{"line":3,"column":27}},"3":{"start":{"line":4,"column":0},"end":{"line":12,"column":2}},"4":{"start":{"line":5,"column":19},"end":{"line":10,"column":5}},"5":{"start":{"line":11,"column":3},"end":{"line":11,"column":23}},"6":{"start":{"line":14,"column":1},"end":{"line":22,"column":2}},"7":{"start":{"line":15,"column":19},"end":{"line":20,"column":5}},"8":{"start":{"line":21,"column":3},"end":{"line":21,"column":23}},"9":{"start":{"line":24,"column":1},"end":{"line":32,"column":2}},"10":{"start":{"line":25,"column":19},"end":{"line":30,"column":5}},"11":{"start":{"line":31,"column":3},"end":{"line":31,"column":23}}},"fnMap":{"0":{"name":"(anonymous_0)","decl":{"start":{"line":4,"column":16},"end":{"line":4,"column":17}},"loc":{"start":{"line":4,"column":28},"end":{"line":12,"column":2}},"line":4},"1":{"name":"(anonymous_1)","decl":{"start":{"line":14,"column":24},"end":{"line":14,"column":25}},"loc":{"start":{"line":14,"column":36},"end":{"line":22,"column":2}},"line":14},"2":{"name":"(anonymous_2)","decl":{"start":{"line":24,"column":22},"end":{"line":24,"column":23}},"loc":{"start":{"line":24,"column":34},"end":{"line":32,"column":2}},"line":24}},"branchMap":{},"s":{"0":7,"1":7,"2":7,"3":7,"4":19,"5":19,"6":7,"7":2,"8":2,"9":7,"10":23,"11":23},"f":{"0":19,"1":2,"2":23},"b":{},"_coverageSchema":"43e27e138ebf9cfc5966b082cf9a028302ed4184","hash":"5471839e33b959c23a8160a62813f829e4719d76"}
}
