{"/Users/caiheng/Desktop/MERN-stack/GP-Back/app.js": {"path":"/Users/caiheng/Desktop/MERN-stack/GP-Back/app.js","statementMap":{"0":{"start":{"line":1,"column":13},"end":{"line":1,"column":28}},"1":{"start":{"line":2,"column":17},"end":{"line":2,"column":39}},"2":{"start":{"line":3,"column":15},"end":{"line":3,"column":32}},"3":{"start":{"line":4,"column":16},"end":{"line":4,"column":34}},"4":{"start":{"line":5,"column":0},"end":{"line":5,"column":27}},"5":{"start":{"line":8,"column":12},"end":{"line":8,"column":21}},"6":{"start":{"line":9,"column":0},"end":{"line":9,"column":24}},"7":{"start":{"line":10,"column":0},"end":{"line":10,"column":16}},"8":{"start":{"line":11,"column":0},"end":{"line":11,"column":23}},"9":{"start":{"line":14,"column":0},"end":{"line":14,"column":35}},"10":{"start":{"line":17,"column":0},"end":{"line":17,"column":52}},"11":{"start":{"line":20,"column":0},"end":{"line":20,"column":27}},"12":{"start":{"line":22,"column":0},"end":{"line":22,"column":20}}},"fnMap":{},"branchMap":{},"s":{"0":6,"1":6,"2":6,"3":6,"4":6,"5":6,"6":6,"7":6,"8":6,"9":6,"10":6,"11":6,"12":6},"f":{},"b":{},"_coverageSchema":"43e27e138ebf9cfc5966b082cf9a028302ed4184","hash":"4e3d54b845c243712d70e8d2efe72f4322cbd11e"}
,"/Users/caiheng/Desktop/MERN-stack/GP-Back/controllers/about.js": {"path":"/Users/caiheng/Desktop/MERN-stack/GP-Back/controllers/about.js","statementMap":{"0":{"start":{"line":1,"column":14},"end":{"line":1,"column":40}},"1":{"start":{"line":3,"column":14},"end":{"line":6,"column":1}},"2":{"start":{"line":4,"column":16},"end":{"line":4,"column":34}},"3":{"start":{"line":5,"column":2},"end":{"line":5,"column":18}},"4":{"start":{"line":8,"column":15},"end":{"line":22,"column":1}},"5":{"start":{"line":9,"column":2},"end":{"line":21,"column":3}},"6":{"start":{"line":10,"column":4},"end":{"line":10,"column":39}},"7":{"start":{"line":11,"column":25},"end":{"line":17,"column":5}},"8":{"start":{"line":18,"column":4},"end":{"line":18,"column":27}},"9":{"start":{"line":20,"column":4},"end":{"line":20,"column":38}},"10":{"start":{"line":24,"column":0},"end":{"line":27,"column":2}}},"fnMap":{"0":{"name":"(anonymous_0)","decl":{"start":{"line":3,"column":14},"end":{"line":3,"column":15}},"loc":{"start":{"line":3,"column":34},"end":{"line":6,"column":1}},"line":3},"1":{"name":"(anonymous_1)","decl":{"start":{"line":8,"column":15},"end":{"line":8,"column":16}},"loc":{"start":{"line":8,"column":35},"end":{"line":22,"column":1}},"line":8}},"branchMap":{},"s":{"0":6,"1":6,"2":0,"3":0,"4":6,"5":0,"6":0,"7":0,"8":0,"9":0,"10":6},"f":{"0":0,"1":0},"b":{},"_coverageSchema":"43e27e138ebf9cfc5966b082cf9a028302ed4184","hash":"e577d7d09a8f135215c37e3d46528757379ef1db"}
,"/Users/caiheng/Desktop/MERN-stack/GP-Back/controllers/admin.js": {"path":"/Users/caiheng/Desktop/MERN-stack/GP-Back/controllers/admin.js","statementMap":{"0":{"start":{"line":1,"column":16},"end":{"line":1,"column":34}},"1":{"start":{"line":2,"column":13},"end":{"line":2,"column":38}},"2":{"start":{"line":3,"column":20},"end":{"line":3,"column":52}},"3":{"start":{"line":4,"column":17},"end":{"line":4,"column":36}},"4":{"start":{"line":5,"column":12},"end":{"line":5,"column":35}},"5":{"start":{"line":6,"column":15},"end":{"line":6,"column":32}},"6":{"start":{"line":7,"column":13},"end":{"line":7,"column":28}},"7":{"start":{"line":8,"column":16},"end":{"line":8,"column":43}},"8":{"start":{"line":11,"column":14},"end":{"line":11,"column":40}},"9":{"start":{"line":12,"column":12},"end":{"line":12,"column":30}},"10":{"start":{"line":13,"column":11},"end":{"line":13,"column":24}},"11":{"start":{"line":14,"column":17},"end":{"line":14,"column":37}},"12":{"start":{"line":15,"column":17},"end":{"line":15,"column":36}},"13":{"start":{"line":16,"column":19},"end":{"line":16,"column":40}},"14":{"start":{"line":18,"column":10},"end":{"line":18,"column":19}},"15":{"start":{"line":19,"column":0},"end":{"line":19,"column":24}},"16":{"start":{"line":20,"column":0},"end":{"line":20,"column":16}},"17":{"start":{"line":23,"column":2},"end":{"line":31,"column":3}},"18":{"start":{"line":24,"column":18},"end":{"line":24,"column":29}},"19":{"start":{"line":25,"column":4},"end":{"line":25,"column":36}},"20":{"start":{"line":26,"column":22},"end":{"line":26,"column":64}},"21":{"start":{"line":27,"column":4},"end":{"line":27,"column":24}},"22":{"start":{"line":29,"column":4},"end":{"line":29,"column":28}},"23":{"start":{"line":30,"column":4},"end":{"line":30,"column":25}},"24":{"start":{"line":35,"column":2},"end":{"line":43,"column":3}},"25":{"start":{"line":36,"column":18},"end":{"line":36,"column":54}},"26":{"start":{"line":37,"column":4},"end":{"line":37,"column":36}},"27":{"start":{"line":38,"column":29},"end":{"line":38,"column":70}},"28":{"start":{"line":39,"column":4},"end":{"line":39,"column":31}},"29":{"start":{"line":41,"column":4},"end":{"line":41,"column":28}},"30":{"start":{"line":42,"column":4},"end":{"line":42,"column":25}},"31":{"start":{"line":48,"column":2},"end":{"line":54,"column":5}},"32":{"start":{"line":49,"column":4},"end":{"line":53,"column":5}},"33":{"start":{"line":50,"column":6},"end":{"line":50,"column":23}},"34":{"start":{"line":52,"column":6},"end":{"line":52,"column":23}},"35":{"start":{"line":59,"column":2},"end":{"line":71,"column":3}},"36":{"start":{"line":60,"column":51},"end":{"line":60,"column":59}},"37":{"start":{"line":61,"column":19},"end":{"line":66,"column":6}},"38":{"start":{"line":67,"column":18},"end":{"line":67,"column":39}},"39":{"start":{"line":68,"column":4},"end":{"line":68,"column":20}},"40":{"start":{"line":70,"column":4},"end":{"line":70,"column":38}},"41":{"start":{"line":76,"column":11},"end":{"line":76,"column":24}},"42":{"start":{"line":77,"column":2},"end":{"line":79,"column":5}},"43":{"start":{"line":78,"column":4},"end":{"line":78,"column":20}},"44":{"start":{"line":84,"column":2},"end":{"line":101,"column":5}},"45":{"start":{"line":85,"column":4},"end":{"line":100,"column":5}},"46":{"start":{"line":85,"column":16},"end":{"line":85,"column":58}},"47":{"start":{"line":87,"column":6},"end":{"line":87,"column":33}},"48":{"start":{"line":88,"column":6},"end":{"line":88,"column":43}},"49":{"start":{"line":89,"column":6},"end":{"line":89,"column":41}},"50":{"start":{"line":90,"column":6},"end":{"line":90,"column":41}},"51":{"start":{"line":92,"column":6},"end":{"line":99,"column":11}},"52":{"start":{"line":95,"column":10},"end":{"line":95,"column":38}},"53":{"start":{"line":98,"column":10},"end":{"line":98,"column":64}},"54":{"start":{"line":106,"column":2},"end":{"line":118,"column":3}},"55":{"start":{"line":107,"column":18},"end":{"line":107,"column":53}},"56":{"start":{"line":110,"column":4},"end":{"line":112,"column":5}},"57":{"start":{"line":111,"column":6},"end":{"line":111,"column":62}},"58":{"start":{"line":113,"column":4},"end":{"line":113,"column":25}},"59":{"start":{"line":114,"column":4},"end":{"line":114,"column":39}},"60":{"start":{"line":116,"column":4},"end":{"line":116,"column":31}},"61":{"start":{"line":117,"column":4},"end":{"line":117,"column":41}},"62":{"start":{"line":121,"column":20},"end":{"line":141,"column":1}},"63":{"start":{"line":123,"column":13},"end":{"line":123,"column":26}},"64":{"start":{"line":125,"column":2},"end":{"line":140,"column":3}},"65":{"start":{"line":126,"column":4},"end":{"line":136,"column":5}},"66":{"start":{"line":128,"column":6},"end":{"line":134,"column":8}},"67":{"start":{"line":138,"column":4},"end":{"line":138,"column":28}},"68":{"start":{"line":139,"column":4},"end":{"line":139,"column":37}},"69":{"start":{"line":146,"column":0},"end":{"line":155,"column":2}}},"fnMap":{"0":{"name":"allUsers","decl":{"start":{"line":22,"column":15},"end":{"line":22,"column":23}},"loc":{"start":{"line":22,"column":34},"end":{"line":32,"column":1}},"line":22},"1":{"name":"allAppointments","decl":{"start":{"line":34,"column":15},"end":{"line":34,"column":30}},"loc":{"start":{"line":34,"column":41},"end":{"line":44,"column":1}},"line":34},"2":{"name":"staffs","decl":{"start":{"line":47,"column":9},"end":{"line":47,"column":15}},"loc":{"start":{"line":47,"column":26},"end":{"line":55,"column":1}},"line":47},"3":{"name":"(anonymous_3)","decl":{"start":{"line":48,"column":13},"end":{"line":48,"column":14}},"loc":{"start":{"line":48,"column":35},"end":{"line":54,"column":3}},"line":48},"4":{"name":"addStaff","decl":{"start":{"line":58,"column":15},"end":{"line":58,"column":23}},"loc":{"start":{"line":58,"column":34},"end":{"line":72,"column":1}},"line":58},"5":{"name":"editStaff","decl":{"start":{"line":75,"column":9},"end":{"line":75,"column":18}},"loc":{"start":{"line":75,"column":29},"end":{"line":80,"column":1}},"line":75},"6":{"name":"(anonymous_6)","decl":{"start":{"line":77,"column":21},"end":{"line":77,"column":22}},"loc":{"start":{"line":77,"column":42},"end":{"line":79,"column":3}},"line":77},"7":{"name":"updateStaff","decl":{"start":{"line":83,"column":9},"end":{"line":83,"column":20}},"loc":{"start":{"line":83,"column":31},"end":{"line":102,"column":1}},"line":83},"8":{"name":"(anonymous_8)","decl":{"start":{"line":84,"column":32},"end":{"line":84,"column":33}},"loc":{"start":{"line":84,"column":53},"end":{"line":101,"column":3}},"line":84},"9":{"name":"(anonymous_9)","decl":{"start":{"line":94,"column":14},"end":{"line":94,"column":15}},"loc":{"start":{"line":94,"column":23},"end":{"line":96,"column":9}},"line":94},"10":{"name":"(anonymous_10)","decl":{"start":{"line":97,"column":15},"end":{"line":97,"column":16}},"loc":{"start":{"line":97,"column":22},"end":{"line":99,"column":9}},"line":97},"11":{"name":"deleteStaff","decl":{"start":{"line":105,"column":15},"end":{"line":105,"column":26}},"loc":{"start":{"line":105,"column":37},"end":{"line":119,"column":1}},"line":105},"12":{"name":"(anonymous_12)","decl":{"start":{"line":121,"column":20},"end":{"line":121,"column":21}},"loc":{"start":{"line":121,"column":40},"end":{"line":141,"column":1}},"line":121},"13":{"name":"(anonymous_13)","decl":{"start":{"line":127,"column":10},"end":{"line":127,"column":11}},"loc":{"start":{"line":127,"column":20},"end":{"line":135,"column":5}},"line":127}},"branchMap":{"0":{"loc":{"start":{"line":49,"column":4},"end":{"line":53,"column":5}},"type":"if","locations":[{"start":{"line":49,"column":4},"end":{"line":53,"column":5}},{"start":{"line":49,"column":4},"end":{"line":53,"column":5}}],"line":49},"1":{"loc":{"start":{"line":85,"column":4},"end":{"line":100,"column":5}},"type":"if","locations":[{"start":{"line":85,"column":4},"end":{"line":100,"column":5}},{"start":{"line":85,"column":4},"end":{"line":100,"column":5}}],"line":85},"2":{"loc":{"start":{"line":110,"column":4},"end":{"line":112,"column":5}},"type":"if","locations":[{"start":{"line":110,"column":4},"end":{"line":112,"column":5}},{"start":{"line":110,"column":4},"end":{"line":112,"column":5}}],"line":110},"3":{"loc":{"start":{"line":110,"column":8},"end":{"line":110,"column":59}},"type":"binary-expr","locations":[{"start":{"line":110,"column":8},"end":{"line":110,"column":49}},{"start":{"line":110,"column":53},"end":{"line":110,"column":59}}],"line":110}},"s":{"0":6,"1":6,"2":6,"3":6,"4":6,"5":6,"6":6,"7":6,"8":6,"9":6,"10":6,"11":6,"12":6,"13":6,"14":6,"15":6,"16":6,"17":0,"18":0,"19":0,"20":0,"21":0,"22":0,"23":0,"24":0,"25":0,"26":0,"27":0,"28":0,"29":0,"30":0,"31":1,"32":1,"33":0,"34":1,"35":0,"36":0,"37":0,"38":0,"39":0,"40":0,"41":0,"42":0,"43":0,"44":0,"45":0,"46":0,"47":0,"48":0,"49":0,"50":0,"51":0,"52":0,"53":0,"54":0,"55":0,"56":0,"57":0,"58":0,"59":0,"60":0,"61":0,"62":6,"63":0,"64":0,"65":0,"66":0,"67":0,"68":0,"69":6},"f":{"0":0,"1":0,"2":1,"3":1,"4":0,"5":0,"6":0,"7":0,"8":0,"9":0,"10":0,"11":0,"12":0,"13":0},"b":{"0":[0,1],"1":[0,0],"2":[0,0],"3":[0,0]},"_coverageSchema":"43e27e138ebf9cfc5966b082cf9a028302ed4184","hash":"a20817a2aab396149fc875d7f33e5abdbc41c2ae"}
,"/Users/caiheng/Desktop/MERN-stack/GP-Back/controllers/appointment.js": {"path":"/Users/caiheng/Desktop/MERN-stack/GP-Back/controllers/appointment.js","statementMap":{"0":{"start":{"line":1,"column":16},"end":{"line":1,"column":34}},"1":{"start":{"line":2,"column":20},"end":{"line":2,"column":52}},"2":{"start":{"line":3,"column":13},"end":{"line":3,"column":28}},"3":{"start":{"line":4,"column":17},"end":{"line":4,"column":36}},"4":{"start":{"line":6,"column":10},"end":{"line":6,"column":19}},"5":{"start":{"line":7,"column":0},"end":{"line":7,"column":24}},"6":{"start":{"line":8,"column":0},"end":{"line":8,"column":16}},"7":{"start":{"line":11,"column":2},"end":{"line":30,"column":3}},"8":{"start":{"line":12,"column":68},"end":{"line":12,"column":76}},"9":{"start":{"line":14,"column":25},"end":{"line":22,"column":6}},"10":{"start":{"line":24,"column":4},"end":{"line":24,"column":46}},"11":{"start":{"line":26,"column":4},"end":{"line":26,"column":37}},"12":{"start":{"line":28,"column":4},"end":{"line":28,"column":28}},"13":{"start":{"line":29,"column":4},"end":{"line":29,"column":38}},"14":{"start":{"line":34,"column":1},"end":{"line":42,"column":2}},"15":{"start":{"line":35,"column":16},"end":{"line":35,"column":33}},"16":{"start":{"line":36,"column":16},"end":{"line":36,"column":95}},"17":{"start":{"line":37,"column":2},"end":{"line":37,"column":34}},"18":{"start":{"line":38,"column":24},"end":{"line":38,"column":35}},"19":{"start":{"line":39,"column":2},"end":{"line":39,"column":25}},"20":{"start":{"line":41,"column":3},"end":{"line":41,"column":20}},"21":{"start":{"line":46,"column":4},"end":{"line":55,"column":7}},"22":{"start":{"line":47,"column":6},"end":{"line":54,"column":7}},"23":{"start":{"line":48,"column":8},"end":{"line":48,"column":27}},"24":{"start":{"line":50,"column":8},"end":{"line":52,"column":11}},"25":{"start":{"line":58,"column":0},"end":{"line":58,"column":75}}},"fnMap":{"0":{"name":"newAppointment","decl":{"start":{"line":10,"column":15},"end":{"line":10,"column":29}},"loc":{"start":{"line":10,"column":41},"end":{"line":31,"column":1}},"line":10},"1":{"name":"getAppointmentsByUser","decl":{"start":{"line":33,"column":15},"end":{"line":33,"column":36}},"loc":{"start":{"line":33,"column":48},"end":{"line":43,"column":1}},"line":33},"2":{"name":"cancelAppointment","decl":{"start":{"line":45,"column":15},"end":{"line":45,"column":32}},"loc":{"start":{"line":45,"column":50},"end":{"line":56,"column":1}},"line":45},"3":{"name":"(anonymous_3)","decl":{"start":{"line":46,"column":75},"end":{"line":46,"column":76}},"loc":{"start":{"line":46,"column":99},"end":{"line":55,"column":5}},"line":46}},"branchMap":{"0":{"loc":{"start":{"line":47,"column":6},"end":{"line":54,"column":7}},"type":"if","locations":[{"start":{"line":47,"column":6},"end":{"line":54,"column":7}},{"start":{"line":47,"column":6},"end":{"line":54,"column":7}}],"line":47}},"s":{"0":6,"1":6,"2":6,"3":6,"4":6,"5":6,"6":6,"7":0,"8":0,"9":0,"10":0,"11":0,"12":0,"13":0,"14":0,"15":0,"16":0,"17":0,"18":0,"19":0,"20":0,"21":0,"22":0,"23":0,"24":0,"25":6},"f":{"0":0,"1":0,"2":0,"3":0},"b":{"0":[0,0]},"_coverageSchema":"43e27e138ebf9cfc5966b082cf9a028302ed4184","hash":"364679a81d6c38f5d981ce39b357c5c640b6881f"}
,"/Users/caiheng/Desktop/MERN-stack/GP-Back/controllers/index.js": {"path":"/Users/caiheng/Desktop/MERN-stack/GP-Back/controllers/index.js","statementMap":{"0":{"start":{"line":1,"column":14},"end":{"line":3,"column":1}},"1":{"start":{"line":2,"column":2},"end":{"line":2,"column":35}},"2":{"start":{"line":5,"column":0},"end":{"line":5,"column":23}}},"fnMap":{"0":{"name":"(anonymous_0)","decl":{"start":{"line":1,"column":14},"end":{"line":1,"column":15}},"loc":{"start":{"line":1,"column":27},"end":{"line":3,"column":1}},"line":1}},"branchMap":{},"s":{"0":6,"1":0,"2":6},"f":{"0":0},"b":{},"_coverageSchema":"43e27e138ebf9cfc5966b082cf9a028302ed4184","hash":"251dba22724d7c78d200645d3e444b1a00e8da72"}
,"/Users/caiheng/Desktop/MERN-stack/GP-Back/controllers/mail.js": {"path":"/Users/caiheng/Desktop/MERN-stack/GP-Back/controllers/mail.js","statementMap":{"0":{"start":{"line":1,"column":17},"end":{"line":1,"column":39}},"1":{"start":{"line":2,"column":19},"end":{"line":2,"column":40}},"2":{"start":{"line":4,"column":15},"end":{"line":4,"column":32}},"3":{"start":{"line":5,"column":15},"end":{"line":5,"column":41}},"4":{"start":{"line":6,"column":16},"end":{"line":6,"column":44}},"5":{"start":{"line":10,"column":0},"end":{"line":10,"column":27}},"6":{"start":{"line":13,"column":18},"end":{"line":22,"column":2}},"7":{"start":{"line":24,"column":13},"end":{"line":58,"column":1}},"8":{"start":{"line":25,"column":17},"end":{"line":37,"column":3}},"9":{"start":{"line":40,"column":20},"end":{"line":46,"column":3}},"10":{"start":{"line":49,"column":2},"end":{"line":57,"column":5}},"11":{"start":{"line":50,"column":4},"end":{"line":52,"column":5}},"12":{"start":{"line":51,"column":6},"end":{"line":51,"column":32}},"13":{"start":{"line":53,"column":4},"end":{"line":53,"column":52}},"14":{"start":{"line":54,"column":4},"end":{"line":54,"column":71}},"15":{"start":{"line":56,"column":4},"end":{"line":56,"column":62}},"16":{"start":{"line":61,"column":22},"end":{"line":77,"column":1}},"17":{"start":{"line":62,"column":2},"end":{"line":76,"column":3}},"18":{"start":{"line":63,"column":22},"end":{"line":63,"column":30}},"19":{"start":{"line":64,"column":15},"end":{"line":64,"column":23}},"20":{"start":{"line":65,"column":4},"end":{"line":70,"column":7}},"21":{"start":{"line":71,"column":4},"end":{"line":71,"column":32}},"22":{"start":{"line":72,"column":4},"end":{"line":72,"column":26}},"23":{"start":{"line":73,"column":4},"end":{"line":73,"column":54}},"24":{"start":{"line":75,"column":4},"end":{"line":75,"column":38}},"25":{"start":{"line":79,"column":20},"end":{"line":112,"column":1}},"26":{"start":{"line":80,"column":2},"end":{"line":111,"column":3}},"27":{"start":{"line":81,"column":69},"end":{"line":81,"column":77}},"28":{"start":{"line":82,"column":24},"end":{"line":82,"column":72}},"29":{"start":{"line":84,"column":19},"end":{"line":99,"column":3}},"30":{"start":{"line":100,"column":4},"end":{"line":106,"column":7}},"31":{"start":{"line":107,"column":4},"end":{"line":107,"column":26}},"32":{"start":{"line":109,"column":4},"end":{"line":109,"column":28}},"33":{"start":{"line":110,"column":4},"end":{"line":110,"column":38}},"34":{"start":{"line":114,"column":26},"end":{"line":145,"column":1}},"35":{"start":{"line":115,"column":2},"end":{"line":144,"column":3}},"36":{"start":{"line":116,"column":69},"end":{"line":116,"column":77}},"37":{"start":{"line":117,"column":24},"end":{"line":117,"column":72}},"38":{"start":{"line":119,"column":19},"end":{"line":132,"column":3}},"39":{"start":{"line":133,"column":4},"end":{"line":139,"column":7}},"40":{"start":{"line":140,"column":4},"end":{"line":140,"column":26}},"41":{"start":{"line":142,"column":4},"end":{"line":142,"column":28}},"42":{"start":{"line":143,"column":4},"end":{"line":143,"column":38}},"43":{"start":{"line":146,"column":0},"end":{"line":146,"column":73}}},"fnMap":{"0":{"name":"(anonymous_0)","decl":{"start":{"line":24,"column":13},"end":{"line":24,"column":14}},"loc":{"start":{"line":24,"column":27},"end":{"line":58,"column":1}},"line":24},"1":{"name":"(anonymous_1)","decl":{"start":{"line":49,"column":36},"end":{"line":49,"column":37}},"loc":{"start":{"line":49,"column":53},"end":{"line":57,"column":3}},"line":49},"2":{"name":"(anonymous_2)","decl":{"start":{"line":61,"column":22},"end":{"line":61,"column":23}},"loc":{"start":{"line":61,"column":42},"end":{"line":77,"column":1}},"line":61},"3":{"name":"(anonymous_3)","decl":{"start":{"line":79,"column":20},"end":{"line":79,"column":21}},"loc":{"start":{"line":79,"column":40},"end":{"line":112,"column":1}},"line":79},"4":{"name":"(anonymous_4)","decl":{"start":{"line":114,"column":26},"end":{"line":114,"column":27}},"loc":{"start":{"line":114,"column":46},"end":{"line":145,"column":1}},"line":114}},"branchMap":{"0":{"loc":{"start":{"line":50,"column":4},"end":{"line":52,"column":5}},"type":"if","locations":[{"start":{"line":50,"column":4},"end":{"line":52,"column":5}},{"start":{"line":50,"column":4},"end":{"line":52,"column":5}}],"line":50}},"s":{"0":6,"1":6,"2":6,"3":6,"4":6,"5":6,"6":6,"7":6,"8":0,"9":0,"10":0,"11":0,"12":0,"13":0,"14":0,"15":0,"16":6,"17":0,"18":0,"19":0,"20":0,"21":0,"22":0,"23":0,"24":0,"25":6,"26":0,"27":0,"28":0,"29":0,"30":0,"31":0,"32":0,"33":0,"34":6,"35":0,"36":0,"37":0,"38":0,"39":0,"40":0,"41":0,"42":0,"43":6},"f":{"0":0,"1":0,"2":0,"3":0,"4":0},"b":{"0":[0,0]},"_coverageSchema":"43e27e138ebf9cfc5966b082cf9a028302ed4184","hash":"7059f9401e41f6aa98d1211366d8632d434970f1"}
,"/Users/caiheng/Desktop/MERN-stack/GP-Back/controllers/openingHours.js": {"path":"/Users/caiheng/Desktop/MERN-stack/GP-Back/controllers/openingHours.js","statementMap":{"0":{"start":{"line":1,"column":21},"end":{"line":1,"column":54}},"1":{"start":{"line":3,"column":14},"end":{"line":6,"column":1}},"2":{"start":{"line":4,"column":16},"end":{"line":4,"column":64}},"3":{"start":{"line":5,"column":2},"end":{"line":5,"column":18}},"4":{"start":{"line":8,"column":13},"end":{"line":15,"column":1}},"5":{"start":{"line":9,"column":2},"end":{"line":14,"column":3}},"6":{"start":{"line":10,"column":18},"end":{"line":10,"column":60}},"7":{"start":{"line":11,"column":4},"end":{"line":11,"column":20}},"8":{"start":{"line":13,"column":4},"end":{"line":13,"column":38}},"9":{"start":{"line":17,"column":15},"end":{"line":34,"column":1}},"10":{"start":{"line":18,"column":2},"end":{"line":33,"column":3}},"11":{"start":{"line":19,"column":4},"end":{"line":19,"column":36}},"12":{"start":{"line":20,"column":18},"end":{"line":20,"column":41}},"13":{"start":{"line":21,"column":17},"end":{"line":21,"column":38}},"14":{"start":{"line":22,"column":17},"end":{"line":28,"column":6}},"15":{"start":{"line":23,"column":6},"end":{"line":27,"column":8}},"16":{"start":{"line":29,"column":4},"end":{"line":29,"column":40}},"17":{"start":{"line":30,"column":4},"end":{"line":30,"column":14}},"18":{"start":{"line":32,"column":4},"end":{"line":32,"column":38}},"19":{"start":{"line":36,"column":0},"end":{"line":40,"column":2}}},"fnMap":{"0":{"name":"(anonymous_0)","decl":{"start":{"line":3,"column":14},"end":{"line":3,"column":15}},"loc":{"start":{"line":3,"column":34},"end":{"line":6,"column":1}},"line":3},"1":{"name":"(anonymous_1)","decl":{"start":{"line":8,"column":13},"end":{"line":8,"column":14}},"loc":{"start":{"line":8,"column":33},"end":{"line":15,"column":1}},"line":8},"2":{"name":"(anonymous_2)","decl":{"start":{"line":17,"column":15},"end":{"line":17,"column":16}},"loc":{"start":{"line":17,"column":41},"end":{"line":34,"column":1}},"line":17},"3":{"name":"(anonymous_3)","decl":{"start":{"line":22,"column":27},"end":{"line":22,"column":28}},"loc":{"start":{"line":22,"column":44},"end":{"line":28,"column":5}},"line":22}},"branchMap":{},"s":{"0":6,"1":6,"2":1,"3":1,"4":6,"5":0,"6":0,"7":0,"8":0,"9":6,"10":0,"11":0,"12":0,"13":0,"14":0,"15":0,"16":0,"17":0,"18":0,"19":6},"f":{"0":1,"1":0,"2":0,"3":0},"b":{},"_coverageSchema":"43e27e138ebf9cfc5966b082cf9a028302ed4184","hash":"7bb342c3e8a38aea13a6eacab3c41db57a5a6d04"}
,"/Users/caiheng/Desktop/MERN-stack/GP-Back/controllers/service.js": {"path":"/Users/caiheng/Desktop/MERN-stack/GP-Back/controllers/service.js","statementMap":{"0":{"start":{"line":1,"column":16},"end":{"line":1,"column":44}},"1":{"start":{"line":3,"column":14},"end":{"line":6,"column":1}},"2":{"start":{"line":4,"column":19},"end":{"line":4,"column":39}},"3":{"start":{"line":5,"column":2},"end":{"line":5,"column":21}},"4":{"start":{"line":9,"column":2},"end":{"line":14,"column":3}},"5":{"start":{"line":10,"column":20},"end":{"line":10,"column":57}},"6":{"start":{"line":11,"column":4},"end":{"line":11,"column":22}},"7":{"start":{"line":13,"column":4},"end":{"line":13,"column":38}},"8":{"start":{"line":18,"column":2},"end":{"line":33,"column":3}},"9":{"start":{"line":19,"column":58},"end":{"line":19,"column":66}},"10":{"start":{"line":20,"column":23},"end":{"line":24,"column":6}},"11":{"start":{"line":26,"column":25},"end":{"line":26,"column":48}},"12":{"start":{"line":27,"column":4},"end":{"line":29,"column":80}},"13":{"start":{"line":29,"column":18},"end":{"line":29,"column":51}},"14":{"start":{"line":31,"column":4},"end":{"line":31,"column":29}},"15":{"start":{"line":32,"column":4},"end":{"line":32,"column":34}},"16":{"start":{"line":36,"column":16},"end":{"line":46,"column":1}},"17":{"start":{"line":37,"column":2},"end":{"line":45,"column":5}},"18":{"start":{"line":38,"column":4},"end":{"line":44,"column":5}},"19":{"start":{"line":39,"column":6},"end":{"line":39,"column":25}},"20":{"start":{"line":41,"column":6},"end":{"line":43,"column":9}},"21":{"start":{"line":48,"column":15},"end":{"line":61,"column":1}},"22":{"start":{"line":49,"column":2},"end":{"line":60,"column":3}},"23":{"start":{"line":50,"column":27},"end":{"line":56,"column":5}},"24":{"start":{"line":57,"column":4},"end":{"line":57,"column":29}},"25":{"start":{"line":59,"column":4},"end":{"line":59,"column":38}},"26":{"start":{"line":63,"column":0},"end":{"line":69,"column":2}}},"fnMap":{"0":{"name":"(anonymous_0)","decl":{"start":{"line":3,"column":14},"end":{"line":3,"column":15}},"loc":{"start":{"line":3,"column":34},"end":{"line":6,"column":1}},"line":3},"1":{"name":"show","decl":{"start":{"line":8,"column":15},"end":{"line":8,"column":19}},"loc":{"start":{"line":8,"column":30},"end":{"line":15,"column":1}},"line":8},"2":{"name":"create","decl":{"start":{"line":17,"column":15},"end":{"line":17,"column":21}},"loc":{"start":{"line":17,"column":32},"end":{"line":34,"column":1}},"line":17},"3":{"name":"(anonymous_3)","decl":{"start":{"line":29,"column":12},"end":{"line":29,"column":13}},"loc":{"start":{"line":29,"column":18},"end":{"line":29,"column":51}},"line":29},"4":{"name":"(anonymous_4)","decl":{"start":{"line":36,"column":16},"end":{"line":36,"column":17}},"loc":{"start":{"line":36,"column":36},"end":{"line":46,"column":1}},"line":36},"5":{"name":"(anonymous_5)","decl":{"start":{"line":37,"column":43},"end":{"line":37,"column":44}},"loc":{"start":{"line":37,"column":60},"end":{"line":45,"column":3}},"line":37},"6":{"name":"(anonymous_6)","decl":{"start":{"line":48,"column":15},"end":{"line":48,"column":16}},"loc":{"start":{"line":48,"column":41},"end":{"line":61,"column":1}},"line":48}},"branchMap":{"0":{"loc":{"start":{"line":38,"column":4},"end":{"line":44,"column":5}},"type":"if","locations":[{"start":{"line":38,"column":4},"end":{"line":44,"column":5}},{"start":{"line":38,"column":4},"end":{"line":44,"column":5}}],"line":38}},"s":{"0":6,"1":6,"2":1,"3":1,"4":1,"5":1,"6":1,"7":0,"8":1,"9":1,"10":1,"11":1,"12":0,"13":0,"14":1,"15":1,"16":6,"17":0,"18":0,"19":0,"20":0,"21":6,"22":0,"23":0,"24":0,"25":0,"26":6},"f":{"0":1,"1":1,"2":1,"3":0,"4":0,"5":0,"6":0},"b":{"0":[0,0]},"_coverageSchema":"43e27e138ebf9cfc5966b082cf9a028302ed4184","hash":"24ad4c1d773f7ec77a38159bc83a223070a6d703"}
,"/Users/caiheng/Desktop/MERN-stack/GP-Back/controllers/token_middleware.js": {"path":"/Users/caiheng/Desktop/MERN-stack/GP-Back/controllers/token_middleware.js","statementMap":{"0":{"start":{"line":1,"column":10},"end":{"line":1,"column":35}},"1":{"start":{"line":2,"column":21},"end":{"line":2,"column":45}},"2":{"start":{"line":3,"column":13},"end":{"line":3,"column":38}},"3":{"start":{"line":6,"column":19},"end":{"line":50,"column":1}},"4":{"start":{"line":9,"column":14},"end":{"line":10,"column":48}},"5":{"start":{"line":13,"column":2},"end":{"line":17,"column":3}},"6":{"start":{"line":16,"column":4},"end":{"line":16,"column":43}},"7":{"start":{"line":19,"column":2},"end":{"line":49,"column":3}},"8":{"start":{"line":22,"column":4},"end":{"line":39,"column":8}},"9":{"start":{"line":24,"column":6},"end":{"line":38,"column":7}},"10":{"start":{"line":26,"column":8},"end":{"line":26,"column":44}},"11":{"start":{"line":27,"column":8},"end":{"line":31,"column":12}},"12":{"start":{"line":35,"column":8},"end":{"line":35,"column":30}},"13":{"start":{"line":36,"column":8},"end":{"line":36,"column":15}},"14":{"start":{"line":43,"column":4},"end":{"line":47,"column":8}},"15":{"start":{"line":53,"column":27},"end":{"line":67,"column":1}},"16":{"start":{"line":54,"column":2},"end":{"line":66,"column":3}},"17":{"start":{"line":55,"column":20},"end":{"line":55,"column":31}},"18":{"start":{"line":56,"column":17},"end":{"line":58,"column":6}},"19":{"start":{"line":59,"column":4},"end":{"line":63,"column":5}},"20":{"start":{"line":60,"column":6},"end":{"line":60,"column":49}},"21":{"start":{"line":62,"column":6},"end":{"line":62,"column":28}},"22":{"start":{"line":65,"column":4},"end":{"line":65,"column":37}},"23":{"start":{"line":69,"column":0},"end":{"line":72,"column":1}}},"fnMap":{"0":{"name":"(anonymous_0)","decl":{"start":{"line":6,"column":19},"end":{"line":6,"column":20}},"loc":{"start":{"line":7,"column":0},"end":{"line":50,"column":1}},"line":7},"1":{"name":"(anonymous_1)","decl":{"start":{"line":22,"column":37},"end":{"line":22,"column":38}},"loc":{"start":{"line":23,"column":4},"end":{"line":39,"column":5}},"line":23},"2":{"name":"(anonymous_2)","decl":{"start":{"line":53,"column":27},"end":{"line":53,"column":28}},"loc":{"start":{"line":53,"column":47},"end":{"line":67,"column":1}},"line":53}},"branchMap":{"0":{"loc":{"start":{"line":9,"column":14},"end":{"line":10,"column":48}},"type":"binary-expr","locations":[{"start":{"line":9,"column":14},"end":{"line":9,"column":43}},{"start":{"line":10,"column":14},"end":{"line":10,"column":42}},{"start":{"line":10,"column":46},"end":{"line":10,"column":48}}],"line":9},"1":{"loc":{"start":{"line":13,"column":2},"end":{"line":17,"column":3}},"type":"if","locations":[{"start":{"line":13,"column":2},"end":{"line":17,"column":3}},{"start":{"line":13,"column":2},"end":{"line":17,"column":3}}],"line":13},"2":{"loc":{"start":{"line":19,"column":2},"end":{"line":49,"column":3}},"type":"if","locations":[{"start":{"line":19,"column":2},"end":{"line":49,"column":3}},{"start":{"line":19,"column":2},"end":{"line":49,"column":3}}],"line":19},"3":{"loc":{"start":{"line":24,"column":6},"end":{"line":38,"column":7}},"type":"if","locations":[{"start":{"line":24,"column":6},"end":{"line":38,"column":7}},{"start":{"line":24,"column":6},"end":{"line":38,"column":7}}],"line":24},"4":{"loc":{"start":{"line":59,"column":4},"end":{"line":63,"column":5}},"type":"if","locations":[{"start":{"line":59,"column":4},"end":{"line":63,"column":5}},{"start":{"line":59,"column":4},"end":{"line":63,"column":5}}],"line":59}},"s":{"0":6,"1":6,"2":6,"3":6,"4":19,"5":19,"6":0,"7":19,"8":0,"9":0,"10":0,"11":0,"12":0,"13":0,"14":19,"15":6,"16":0,"17":0,"18":0,"19":0,"20":0,"21":0,"22":0,"23":6},"f":{"0":19,"1":0,"2":0},"b":{"0":[19,19,19],"1":[0,19],"2":[0,19],"3":[0,0],"4":[0,0]},"_coverageSchema":"43e27e138ebf9cfc5966b082cf9a028302ed4184","hash":"f8ae19aa291bf0e984ff39ec51ff76a9c2a6a0bd"}
,"/Users/caiheng/Desktop/MERN-stack/GP-Back/controllers/users.js": {"path":"/Users/caiheng/Desktop/MERN-stack/GP-Back/controllers/users.js","statementMap":{"0":{"start":{"line":1,"column":16},"end":{"line":1,"column":34}},"1":{"start":{"line":2,"column":13},"end":{"line":2,"column":38}},"2":{"start":{"line":3,"column":12},"end":{"line":3,"column":35}},"3":{"start":{"line":4,"column":15},"end":{"line":4,"column":34}},"4":{"start":{"line":5,"column":13},"end":{"line":5,"column":28}},"5":{"start":{"line":7,"column":10},"end":{"line":7,"column":19}},"6":{"start":{"line":8,"column":0},"end":{"line":8,"column":24}},"7":{"start":{"line":9,"column":0},"end":{"line":9,"column":16}},"8":{"start":{"line":11,"column":21},"end":{"line":13,"column":1}},"9":{"start":{"line":12,"column":2},"end":{"line":12,"column":41}},"10":{"start":{"line":15,"column":24},"end":{"line":17,"column":1}},"11":{"start":{"line":16,"column":2},"end":{"line":16,"column":56}},"12":{"start":{"line":19,"column":21},"end":{"line":19,"column":45}},"13":{"start":{"line":21,"column":20},"end":{"line":23,"column":1}},"14":{"start":{"line":22,"column":2},"end":{"line":22,"column":72}},"15":{"start":{"line":27,"column":2},"end":{"line":46,"column":3}},"16":{"start":{"line":28,"column":60},"end":{"line":28,"column":68}},"17":{"start":{"line":29,"column":27},"end":{"line":29,"column":55}},"18":{"start":{"line":30,"column":18},"end":{"line":37,"column":6}},"19":{"start":{"line":38,"column":4},"end":{"line":38,"column":32}},"20":{"start":{"line":39,"column":18},"end":{"line":39,"column":35}},"21":{"start":{"line":40,"column":4},"end":{"line":41,"column":25}},"22":{"start":{"line":44,"column":4},"end":{"line":44,"column":28}},"23":{"start":{"line":45,"column":4},"end":{"line":45,"column":32}},"24":{"start":{"line":51,"column":2},"end":{"line":72,"column":3}},"25":{"start":{"line":52,"column":32},"end":{"line":52,"column":40}},"26":{"start":{"line":53,"column":17},"end":{"line":55,"column":6}},"27":{"start":{"line":56,"column":4},"end":{"line":69,"column":5}},"28":{"start":{"line":57,"column":30},"end":{"line":57,"column":76}},"29":{"start":{"line":58,"column":6},"end":{"line":66,"column":7}},"30":{"start":{"line":59,"column":8},"end":{"line":59,"column":34}},"31":{"start":{"line":60,"column":22},"end":{"line":60,"column":39}},"32":{"start":{"line":61,"column":8},"end":{"line":62,"column":29}},"33":{"start":{"line":64,"column":8},"end":{"line":64,"column":38}},"34":{"start":{"line":65,"column":8},"end":{"line":65,"column":60}},"35":{"start":{"line":68,"column":6},"end":{"line":68,"column":58}},"36":{"start":{"line":71,"column":4},"end":{"line":71,"column":68}},"37":{"start":{"line":77,"column":2},"end":{"line":98,"column":3}},"38":{"start":{"line":78,"column":30},"end":{"line":78,"column":38}},"39":{"start":{"line":79,"column":4},"end":{"line":81,"column":5}},"40":{"start":{"line":80,"column":6},"end":{"line":80,"column":51}},"41":{"start":{"line":82,"column":17},"end":{"line":84,"column":6}},"42":{"start":{"line":85,"column":4},"end":{"line":95,"column":5}},"43":{"start":{"line":86,"column":6},"end":{"line":86,"column":51}},"44":{"start":{"line":88,"column":29},"end":{"line":88,"column":57}},"45":{"start":{"line":89,"column":6},"end":{"line":89,"column":37}},"46":{"start":{"line":90,"column":6},"end":{"line":90,"column":32}},"47":{"start":{"line":91,"column":6},"end":{"line":91,"column":24}},"48":{"start":{"line":92,"column":20},"end":{"line":92,"column":37}},"49":{"start":{"line":93,"column":6},"end":{"line":94,"column":27}},"50":{"start":{"line":97,"column":4},"end":{"line":97,"column":37}},"51":{"start":{"line":102,"column":17},"end":{"line":126,"column":1}},"52":{"start":{"line":104,"column":16},"end":{"line":104,"column":33}},"53":{"start":{"line":107,"column":2},"end":{"line":125,"column":3}},"54":{"start":{"line":108,"column":17},"end":{"line":121,"column":5}},"55":{"start":{"line":112,"column":6},"end":{"line":119,"column":8}},"56":{"start":{"line":123,"column":4},"end":{"line":123,"column":28}},"57":{"start":{"line":124,"column":4},"end":{"line":124,"column":37}},"58":{"start":{"line":128,"column":17},"end":{"line":151,"column":1}},"59":{"start":{"line":129,"column":2},"end":{"line":150,"column":3}},"60":{"start":{"line":130,"column":19},"end":{"line":130,"column":39}},"61":{"start":{"line":131,"column":46},"end":{"line":131,"column":54}},"62":{"start":{"line":132,"column":22},"end":{"line":137,"column":3}},"63":{"start":{"line":138,"column":4},"end":{"line":145,"column":4}},"64":{"start":{"line":139,"column":21},"end":{"line":144,"column":6}},"65":{"start":{"line":148,"column":4},"end":{"line":148,"column":29}},"66":{"start":{"line":149,"column":4},"end":{"line":149,"column":38}},"67":{"start":{"line":153,"column":0},"end":{"line":153,"column":72}}},"fnMap":{"0":{"name":"(anonymous_0)","decl":{"start":{"line":11,"column":21},"end":{"line":11,"column":22}},"loc":{"start":{"line":11,"column":39},"end":{"line":13,"column":1}},"line":11},"1":{"name":"(anonymous_1)","decl":{"start":{"line":15,"column":24},"end":{"line":15,"column":25}},"loc":{"start":{"line":15,"column":60},"end":{"line":17,"column":1}},"line":15},"2":{"name":"(anonymous_2)","decl":{"start":{"line":21,"column":20},"end":{"line":21,"column":21}},"loc":{"start":{"line":21,"column":42},"end":{"line":23,"column":1}},"line":21},"3":{"name":"register","decl":{"start":{"line":26,"column":15},"end":{"line":26,"column":23}},"loc":{"start":{"line":26,"column":34},"end":{"line":47,"column":1}},"line":26},"4":{"name":"login","decl":{"start":{"line":50,"column":15},"end":{"line":50,"column":20}},"loc":{"start":{"line":50,"column":31},"end":{"line":73,"column":1}},"line":50},"5":{"name":"resetPassword","decl":{"start":{"line":76,"column":15},"end":{"line":76,"column":28}},"loc":{"start":{"line":76,"column":39},"end":{"line":99,"column":1}},"line":76},"6":{"name":"(anonymous_6)","decl":{"start":{"line":102,"column":17},"end":{"line":102,"column":18}},"loc":{"start":{"line":102,"column":37},"end":{"line":126,"column":1}},"line":102},"7":{"name":"(anonymous_7)","decl":{"start":{"line":111,"column":10},"end":{"line":111,"column":11}},"loc":{"start":{"line":111,"column":20},"end":{"line":120,"column":5}},"line":111},"8":{"name":"(anonymous_8)","decl":{"start":{"line":128,"column":17},"end":{"line":128,"column":18}},"loc":{"start":{"line":128,"column":37},"end":{"line":151,"column":1}},"line":128},"9":{"name":"(anonymous_9)","decl":{"start":{"line":139,"column":10},"end":{"line":139,"column":11}},"loc":{"start":{"line":139,"column":20},"end":{"line":145,"column":3}},"line":139}},"branchMap":{"0":{"loc":{"start":{"line":56,"column":4},"end":{"line":69,"column":5}},"type":"if","locations":[{"start":{"line":56,"column":4},"end":{"line":69,"column":5}},{"start":{"line":56,"column":4},"end":{"line":69,"column":5}}],"line":56},"1":{"loc":{"start":{"line":58,"column":6},"end":{"line":66,"column":7}},"type":"if","locations":[{"start":{"line":58,"column":6},"end":{"line":66,"column":7}},{"start":{"line":58,"column":6},"end":{"line":66,"column":7}}],"line":58},"2":{"loc":{"start":{"line":79,"column":4},"end":{"line":81,"column":5}},"type":"if","locations":[{"start":{"line":79,"column":4},"end":{"line":81,"column":5}},{"start":{"line":79,"column":4},"end":{"line":81,"column":5}}],"line":79},"3":{"loc":{"start":{"line":85,"column":4},"end":{"line":95,"column":5}},"type":"if","locations":[{"start":{"line":85,"column":4},"end":{"line":95,"column":5}},{"start":{"line":85,"column":4},"end":{"line":95,"column":5}}],"line":85}},"s":{"0":6,"1":6,"2":6,"3":6,"4":6,"5":6,"6":6,"7":6,"8":6,"9":3,"10":6,"11":37,"12":6,"13":6,"14":36,"15":3,"16":3,"17":3,"18":2,"19":2,"20":0,"21":0,"22":3,"23":3,"24":39,"25":39,"26":39,"27":39,"28":37,"29":37,"30":36,"31":36,"32":36,"33":1,"34":1,"35":2,"36":0,"37":0,"38":0,"39":0,"40":0,"41":0,"42":0,"43":0,"44":0,"45":0,"46":0,"47":0,"48":0,"49":0,"50":0,"51":6,"52":0,"53":0,"54":0,"55":0,"56":0,"57":0,"58":6,"59":0,"60":0,"61":0,"62":0,"63":0,"64":0,"65":0,"66":0,"67":6},"f":{"0":3,"1":37,"2":36,"3":3,"4":39,"5":0,"6":0,"7":0,"8":0,"9":0},"b":{"0":[37,2],"1":[36,1],"2":[0,0],"3":[0,0]},"_coverageSchema":"43e27e138ebf9cfc5966b082cf9a028302ed4184","hash":"bf72cc35d57a372afefbe9d7c9b4857c1ebc8a9b"}
,"/Users/caiheng/Desktop/MERN-stack/GP-Back/controllers/users_middleware.js": {"path":"/Users/caiheng/Desktop/MERN-stack/GP-Back/controllers/users_middleware.js","statementMap":{"0":{"start":{"line":1,"column":16},"end":{"line":1,"column":34}},"1":{"start":{"line":2,"column":15},"end":{"line":2,"column":31}},"2":{"start":{"line":3,"column":13},"end":{"line":3,"column":38}},"3":{"start":{"line":6,"column":19},"end":{"line":12,"column":1}},"4":{"start":{"line":7,"column":2},"end":{"line":11,"column":3}},"5":{"start":{"line":8,"column":4},"end":{"line":8,"column":11}},"6":{"start":{"line":10,"column":4},"end":{"line":10,"column":49}},"7":{"start":{"line":15,"column":19},"end":{"line":26,"column":1}},"8":{"start":{"line":16,"column":18},"end":{"line":16,"column":26}},"9":{"start":{"line":17,"column":15},"end":{"line":19,"column":4}},"10":{"start":{"line":20,"column":2},"end":{"line":25,"column":3}},"11":{"start":{"line":21,"column":4},"end":{"line":21,"column":69}},"12":{"start":{"line":23,"column":4},"end":{"line":23,"column":20}},"13":{"start":{"line":24,"column":4},"end":{"line":24,"column":11}},"14":{"start":{"line":28,"column":0},"end":{"line":28,"column":41}}},"fnMap":{"0":{"name":"(anonymous_0)","decl":{"start":{"line":6,"column":19},"end":{"line":6,"column":20}},"loc":{"start":{"line":6,"column":39},"end":{"line":12,"column":1}},"line":6},"1":{"name":"(anonymous_1)","decl":{"start":{"line":15,"column":19},"end":{"line":15,"column":20}},"loc":{"start":{"line":15,"column":45},"end":{"line":26,"column":1}},"line":15}},"branchMap":{"0":{"loc":{"start":{"line":7,"column":2},"end":{"line":11,"column":3}},"type":"if","locations":[{"start":{"line":7,"column":2},"end":{"line":11,"column":3}},{"start":{"line":7,"column":2},"end":{"line":11,"column":3}}],"line":7},"1":{"loc":{"start":{"line":20,"column":2},"end":{"line":25,"column":3}},"type":"if","locations":[{"start":{"line":20,"column":2},"end":{"line":25,"column":3}},{"start":{"line":20,"column":2},"end":{"line":25,"column":3}}],"line":20}},"s":{"0":6,"1":6,"2":6,"3":6,"4":0,"5":0,"6":0,"7":6,"8":0,"9":0,"10":0,"11":0,"12":0,"13":0,"14":6},"f":{"0":0,"1":0},"b":{"0":[0,0],"1":[0,0]},"_coverageSchema":"43e27e138ebf9cfc5966b082cf9a028302ed4184","hash":"594347b65063676d7da415926bee4a2530b89aa3"}
,"/Users/caiheng/Desktop/MERN-stack/GP-Back/controllers/vaccine.js": {"path":"/Users/caiheng/Desktop/MERN-stack/GP-Back/controllers/vaccine.js","statementMap":{"0":{"start":{"line":1,"column":16},"end":{"line":1,"column":45}},"1":{"start":{"line":3,"column":14},"end":{"line":6,"column":1}},"2":{"start":{"line":4,"column":19},"end":{"line":4,"column":74}},"3":{"start":{"line":5,"column":2},"end":{"line":5,"column":21}},"4":{"start":{"line":8,"column":13},"end":{"line":15,"column":1}},"5":{"start":{"line":9,"column":2},"end":{"line":14,"column":3}},"6":{"start":{"line":10,"column":20},"end":{"line":10,"column":57}},"7":{"start":{"line":11,"column":4},"end":{"line":11,"column":22}},"8":{"start":{"line":13,"column":4},"end":{"line":13,"column":38}},"9":{"start":{"line":17,"column":15},"end":{"line":35,"column":1}},"10":{"start":{"line":18,"column":2},"end":{"line":34,"column":3}},"11":{"start":{"line":19,"column":59},"end":{"line":19,"column":67}},"12":{"start":{"line":20,"column":23},"end":{"line":25,"column":6}},"13":{"start":{"line":27,"column":25},"end":{"line":27,"column":48}},"14":{"start":{"line":28,"column":4},"end":{"line":30,"column":80}},"15":{"start":{"line":30,"column":18},"end":{"line":30,"column":51}},"16":{"start":{"line":32,"column":4},"end":{"line":32,"column":29}},"17":{"start":{"line":33,"column":4},"end":{"line":33,"column":34}},"18":{"start":{"line":37,"column":16},"end":{"line":47,"column":1}},"19":{"start":{"line":38,"column":2},"end":{"line":46,"column":5}},"20":{"start":{"line":39,"column":4},"end":{"line":45,"column":5}},"21":{"start":{"line":40,"column":6},"end":{"line":40,"column":25}},"22":{"start":{"line":42,"column":6},"end":{"line":44,"column":9}},"23":{"start":{"line":49,"column":15},"end":{"line":62,"column":1}},"24":{"start":{"line":50,"column":2},"end":{"line":61,"column":3}},"25":{"start":{"line":51,"column":27},"end":{"line":57,"column":5}},"26":{"start":{"line":58,"column":4},"end":{"line":58,"column":29}},"27":{"start":{"line":60,"column":4},"end":{"line":60,"column":38}},"28":{"start":{"line":64,"column":0},"end":{"line":70,"column":2}}},"fnMap":{"0":{"name":"(anonymous_0)","decl":{"start":{"line":3,"column":14},"end":{"line":3,"column":15}},"loc":{"start":{"line":3,"column":34},"end":{"line":6,"column":1}},"line":3},"1":{"name":"(anonymous_1)","decl":{"start":{"line":8,"column":13},"end":{"line":8,"column":14}},"loc":{"start":{"line":8,"column":33},"end":{"line":15,"column":1}},"line":8},"2":{"name":"(anonymous_2)","decl":{"start":{"line":17,"column":15},"end":{"line":17,"column":16}},"loc":{"start":{"line":17,"column":35},"end":{"line":35,"column":1}},"line":17},"3":{"name":"(anonymous_3)","decl":{"start":{"line":30,"column":12},"end":{"line":30,"column":13}},"loc":{"start":{"line":30,"column":18},"end":{"line":30,"column":51}},"line":30},"4":{"name":"(anonymous_4)","decl":{"start":{"line":37,"column":16},"end":{"line":37,"column":17}},"loc":{"start":{"line":37,"column":36},"end":{"line":47,"column":1}},"line":37},"5":{"name":"(anonymous_5)","decl":{"start":{"line":38,"column":43},"end":{"line":38,"column":44}},"loc":{"start":{"line":38,"column":60},"end":{"line":46,"column":3}},"line":38},"6":{"name":"(anonymous_6)","decl":{"start":{"line":49,"column":15},"end":{"line":49,"column":16}},"loc":{"start":{"line":49,"column":41},"end":{"line":62,"column":1}},"line":49}},"branchMap":{"0":{"loc":{"start":{"line":39,"column":4},"end":{"line":45,"column":5}},"type":"if","locations":[{"start":{"line":39,"column":4},"end":{"line":45,"column":5}},{"start":{"line":39,"column":4},"end":{"line":45,"column":5}}],"line":39}},"s":{"0":6,"1":6,"2":1,"3":1,"4":6,"5":1,"6":1,"7":1,"8":0,"9":6,"10":0,"11":0,"12":0,"13":0,"14":0,"15":0,"16":0,"17":0,"18":6,"19":0,"20":0,"21":0,"22":0,"23":6,"24":0,"25":0,"26":0,"27":0,"28":6},"f":{"0":1,"1":1,"2":0,"3":0,"4":0,"5":0,"6":0},"b":{"0":[0,0]},"_coverageSchema":"43e27e138ebf9cfc5966b082cf9a028302ed4184","hash":"9a5b1962b8e2f43bf6cffd2e9c2918768cab941b"}
,"/Users/caiheng/Desktop/MERN-stack/GP-Back/models/about.js": {"path":"/Users/caiheng/Desktop/MERN-stack/GP-Back/models/about.js","statementMap":{"0":{"start":{"line":1,"column":17},"end":{"line":1,"column":36}},"1":{"start":{"line":2,"column":15},"end":{"line":2,"column":30}},"2":{"start":{"line":4,"column":20},"end":{"line":16,"column":1}},"3":{"start":{"line":18,"column":0},"end":{"line":18,"column":54}}},"fnMap":{},"branchMap":{},"s":{"0":6,"1":6,"2":6,"3":6},"f":{},"b":{},"_coverageSchema":"43e27e138ebf9cfc5966b082cf9a028302ed4184","hash":"388b69bd52c3e408bdd53dc913dc07783cea5829"}
,"/Users/caiheng/Desktop/MERN-stack/GP-Back/models/appointment.js": {"path":"/Users/caiheng/Desktop/MERN-stack/GP-Back/models/appointment.js","statementMap":{"0":{"start":{"line":1,"column":17},"end":{"line":1,"column":36}},"1":{"start":{"line":2,"column":15},"end":{"line":2,"column":30}},"2":{"start":{"line":4,"column":26},"end":{"line":37,"column":53}},"3":{"start":{"line":39,"column":0},"end":{"line":39,"column":66}}},"fnMap":{},"branchMap":{},"s":{"0":6,"1":6,"2":6,"3":6},"f":{},"b":{},"_coverageSchema":"43e27e138ebf9cfc5966b082cf9a028302ed4184","hash":"5e8fa3a0f0c97ae26c35222d3e4869d2e31fe321"}
,"/Users/caiheng/Desktop/MERN-stack/GP-Back/models/openingHours.js": {"path":"/Users/caiheng/Desktop/MERN-stack/GP-Back/models/openingHours.js","statementMap":{"0":{"start":{"line":1,"column":17},"end":{"line":1,"column":36}},"1":{"start":{"line":2,"column":15},"end":{"line":2,"column":30}},"2":{"start":{"line":4,"column":27},"end":{"line":18,"column":1}},"3":{"start":{"line":20,"column":0},"end":{"line":20,"column":68}}},"fnMap":{},"branchMap":{},"s":{"0":6,"1":6,"2":6,"3":6},"f":{},"b":{},"_coverageSchema":"43e27e138ebf9cfc5966b082cf9a028302ed4184","hash":"13fa3d07f69cc93b3558292e69a90268445e1ab0"}
,"/Users/caiheng/Desktop/MERN-stack/GP-Back/models/service.js": {"path":"/Users/caiheng/Desktop/MERN-stack/GP-Back/models/service.js","statementMap":{"0":{"start":{"line":1,"column":17},"end":{"line":1,"column":36}},"1":{"start":{"line":2,"column":15},"end":{"line":2,"column":30}},"2":{"start":{"line":4,"column":22},"end":{"line":17,"column":49}},"3":{"start":{"line":19,"column":0},"end":{"line":19,"column":58}}},"fnMap":{},"branchMap":{},"s":{"0":6,"1":6,"2":6,"3":6},"f":{},"b":{},"_coverageSchema":"43e27e138ebf9cfc5966b082cf9a028302ed4184","hash":"b2a2f921b3d49a40dd4fa3d0ba373cdc1a882d81"}
,"/Users/caiheng/Desktop/MERN-stack/GP-Back/models/staff.js": {"path":"/Users/caiheng/Desktop/MERN-stack/GP-Back/models/staff.js","statementMap":{"0":{"start":{"line":1,"column":17},"end":{"line":1,"column":36}},"1":{"start":{"line":2,"column":15},"end":{"line":2,"column":30}},"2":{"start":{"line":4,"column":20},"end":{"line":19,"column":47}},"3":{"start":{"line":21,"column":0},"end":{"line":21,"column":54}}},"fnMap":{},"branchMap":{},"s":{"0":6,"1":6,"2":6,"3":6},"f":{},"b":{},"_coverageSchema":"43e27e138ebf9cfc5966b082cf9a028302ed4184","hash":"fb042fa9ebdab331de6b46ebad01cb7d14faa73b"}
,"/Users/caiheng/Desktop/MERN-stack/GP-Back/models/user.js": {"path":"/Users/caiheng/Desktop/MERN-stack/GP-Back/models/user.js","statementMap":{"0":{"start":{"line":1,"column":17},"end":{"line":1,"column":36}},"1":{"start":{"line":2,"column":15},"end":{"line":2,"column":30}},"2":{"start":{"line":3,"column":24},"end":{"line":3,"column":60}},"3":{"start":{"line":5,"column":19},"end":{"line":45,"column":46}},"4":{"start":{"line":21,"column":6},"end":{"line":21,"column":98}},"5":{"start":{"line":47,"column":0},"end":{"line":47,"column":79}},"6":{"start":{"line":48,"column":0},"end":{"line":48,"column":52}}},"fnMap":{"0":{"name":"(anonymous_0)","decl":{"start":{"line":20,"column":26},"end":{"line":20,"column":27}},"loc":{"start":{"line":20,"column":42},"end":{"line":22,"column":7}},"line":20}},"branchMap":{},"s":{"0":6,"1":6,"2":6,"3":6,"4":2,"5":6,"6":6},"f":{"0":2},"b":{},"_coverageSchema":"43e27e138ebf9cfc5966b082cf9a028302ed4184","hash":"eb5a041e88627442f9846484e2ba2a8dccca9e4e"}
,"/Users/caiheng/Desktop/MERN-stack/GP-Back/models/vaccines.js": {"path":"/Users/caiheng/Desktop/MERN-stack/GP-Back/models/vaccines.js","statementMap":{"0":{"start":{"line":1,"column":17},"end":{"line":1,"column":36}},"1":{"start":{"line":2,"column":15},"end":{"line":2,"column":30}},"2":{"start":{"line":4,"column":22},"end":{"line":21,"column":1}},"3":{"start":{"line":23,"column":0},"end":{"line":23,"column":58}}},"fnMap":{},"branchMap":{},"s":{"0":6,"1":6,"2":6,"3":6},"f":{},"b":{},"_coverageSchema":"43e27e138ebf9cfc5966b082cf9a028302ed4184","hash":"80ad3ad6c614e9b5aaa400b207264148d7537563"}
,"/Users/caiheng/Desktop/MERN-stack/GP-Back/routes/about.js": {"path":"/Users/caiheng/Desktop/MERN-stack/GP-Back/routes/about.js","statementMap":{"0":{"start":{"line":1,"column":16},"end":{"line":1,"column":34}},"1":{"start":{"line":2,"column":15},"end":{"line":2,"column":31}},"2":{"start":{"line":3,"column":26},"end":{"line":3,"column":57}},"3":{"start":{"line":5,"column":0},"end":{"line":5,"column":27}},"4":{"start":{"line":7,"column":0},"end":{"line":7,"column":23}},"5":{"start":{"line":9,"column":0},"end":{"line":9,"column":34}},"6":{"start":{"line":11,"column":0},"end":{"line":11,"column":24}}},"fnMap":{},"branchMap":{},"s":{"0":6,"1":6,"2":6,"3":6,"4":6,"5":6,"6":6},"f":{},"b":{},"_coverageSchema":"43e27e138ebf9cfc5966b082cf9a028302ed4184","hash":"889e0001c9ea4326120010e5d4a9f285a779c819"}
,"/Users/caiheng/Desktop/MERN-stack/GP-Back/routes/admin-routes.js": {"path":"/Users/caiheng/Desktop/MERN-stack/GP-Back/routes/admin-routes.js","statementMap":{"0":{"start":{"line":1,"column":16},"end":{"line":1,"column":34}},"1":{"start":{"line":2,"column":15},"end":{"line":2,"column":31}},"2":{"start":{"line":3,"column":14},"end":{"line":3,"column":45}},"3":{"start":{"line":4,"column":14},"end":{"line":4,"column":45}},"4":{"start":{"line":6,"column":23},"end":{"line":6,"column":65}},"5":{"start":{"line":7,"column":23},"end":{"line":7,"column":65}},"6":{"start":{"line":13,"column":0},"end":{"line":13,"column":37}},"7":{"start":{"line":14,"column":0},"end":{"line":14,"column":61}},"8":{"start":{"line":15,"column":0},"end":{"line":15,"column":67}},"9":{"start":{"line":16,"column":0},"end":{"line":16,"column":75}},"10":{"start":{"line":18,"column":0},"end":{"line":18,"column":66}},"11":{"start":{"line":19,"column":0},"end":{"line":19,"column":71}},"12":{"start":{"line":20,"column":0},"end":{"line":20,"column":75}},"13":{"start":{"line":21,"column":0},"end":{"line":21,"column":79}},"14":{"start":{"line":25,"column":0},"end":{"line":25,"column":24}}},"fnMap":{},"branchMap":{},"s":{"0":6,"1":6,"2":6,"3":6,"4":6,"5":6,"6":6,"7":6,"8":6,"9":6,"10":6,"11":6,"12":6,"13":6,"14":6},"f":{},"b":{},"_coverageSchema":"43e27e138ebf9cfc5966b082cf9a028302ed4184","hash":"591c759c3f3b6dc1a11adbaa40a7235113b47296"}
,"/Users/caiheng/Desktop/MERN-stack/GP-Back/routes/appointments.js": {"path":"/Users/caiheng/Desktop/MERN-stack/GP-Back/routes/appointments.js","statementMap":{"0":{"start":{"line":1,"column":16},"end":{"line":1,"column":34}},"1":{"start":{"line":2,"column":15},"end":{"line":2,"column":31}},"2":{"start":{"line":3,"column":21},"end":{"line":3,"column":63}},"3":{"start":{"line":4,"column":67},"end":{"line":4,"column":104}},"4":{"start":{"line":7,"column":0},"end":{"line":7,"column":36}},"5":{"start":{"line":8,"column":0},"end":{"line":8,"column":40}},"6":{"start":{"line":9,"column":0},"end":{"line":9,"column":22}},"7":{"start":{"line":10,"column":0},"end":{"line":10,"column":67}},"8":{"start":{"line":12,"column":0},"end":{"line":12,"column":24}}},"fnMap":{},"branchMap":{},"s":{"0":6,"1":6,"2":6,"3":6,"4":6,"5":6,"6":6,"7":6,"8":6},"f":{},"b":{},"_coverageSchema":"43e27e138ebf9cfc5966b082cf9a028302ed4184","hash":"ff8d1203296800918da9590688a648d898d2a664"}
,"/Users/caiheng/Desktop/MERN-stack/GP-Back/routes/index.js": {"path":"/Users/caiheng/Desktop/MERN-stack/GP-Back/routes/index.js","statementMap":{"0":{"start":{"line":1,"column":16},"end":{"line":1,"column":34}},"1":{"start":{"line":2,"column":15},"end":{"line":2,"column":31}},"2":{"start":{"line":4,"column":0},"end":{"line":4,"column":48}},"3":{"start":{"line":6,"column":0},"end":{"line":6,"column":41}},"4":{"start":{"line":8,"column":0},"end":{"line":8,"column":55}},"5":{"start":{"line":10,"column":0},"end":{"line":10,"column":56}},"6":{"start":{"line":12,"column":0},"end":{"line":12,"column":39}},"7":{"start":{"line":14,"column":0},"end":{"line":14,"column":47}},"8":{"start":{"line":16,"column":0},"end":{"line":16,"column":47}},"9":{"start":{"line":18,"column":0},"end":{"line":18,"column":47}},"10":{"start":{"line":20,"column":0},"end":{"line":20,"column":49}},"11":{"start":{"line":22,"column":0},"end":{"line":22,"column":24}}},"fnMap":{},"branchMap":{},"s":{"0":6,"1":6,"2":6,"3":6,"4":6,"5":6,"6":6,"7":6,"8":6,"9":6,"10":6,"11":6},"f":{},"b":{},"_coverageSchema":"43e27e138ebf9cfc5966b082cf9a028302ed4184","hash":"3a2a6d69c19e56386a912b76695e83ff7111035a"}
,"/Users/caiheng/Desktop/MERN-stack/GP-Back/routes/mail.js": {"path":"/Users/caiheng/Desktop/MERN-stack/GP-Back/routes/mail.js","statementMap":{"0":{"start":{"line":1,"column":16},"end":{"line":1,"column":34}},"1":{"start":{"line":2,"column":15},"end":{"line":2,"column":31}},"2":{"start":{"line":3,"column":64},"end":{"line":3,"column":94}},"3":{"start":{"line":4,"column":21},"end":{"line":4,"column":63}},"4":{"start":{"line":6,"column":0},"end":{"line":6,"column":27}},"5":{"start":{"line":7,"column":0},"end":{"line":7,"column":41}},"6":{"start":{"line":8,"column":0},"end":{"line":8,"column":54}},"7":{"start":{"line":9,"column":0},"end":{"line":9,"column":57}},"8":{"start":{"line":11,"column":0},"end":{"line":11,"column":24}}},"fnMap":{},"branchMap":{},"s":{"0":6,"1":6,"2":6,"3":6,"4":6,"5":6,"6":6,"7":6,"8":6},"f":{},"b":{},"_coverageSchema":"43e27e138ebf9cfc5966b082cf9a028302ed4184","hash":"fea5d8a4a461b304e30eb9bad5ae111226bf1cb4"}
,"/Users/caiheng/Desktop/MERN-stack/GP-Back/routes/openingHours.js": {"path":"/Users/caiheng/Desktop/MERN-stack/GP-Back/routes/openingHours.js","statementMap":{"0":{"start":{"line":1,"column":16},"end":{"line":1,"column":34}},"1":{"start":{"line":2,"column":15},"end":{"line":2,"column":31}},"2":{"start":{"line":3,"column":32},"end":{"line":3,"column":70}},"3":{"start":{"line":4,"column":23},"end":{"line":4,"column":65}},"4":{"start":{"line":5,"column":23},"end":{"line":5,"column":65}},"5":{"start":{"line":7,"column":0},"end":{"line":7,"column":27}},"6":{"start":{"line":9,"column":0},"end":{"line":9,"column":23}},"7":{"start":{"line":11,"column":0},"end":{"line":11,"column":51}},"8":{"start":{"line":13,"column":0},"end":{"line":13,"column":54}},"9":{"start":{"line":15,"column":0},"end":{"line":15,"column":24}}},"fnMap":{},"branchMap":{},"s":{"0":6,"1":6,"2":6,"3":6,"4":6,"5":6,"6":6,"7":6,"8":6,"9":6},"f":{},"b":{},"_coverageSchema":"43e27e138ebf9cfc5966b082cf9a028302ed4184","hash":"c955b666d31b41d0053d70eb50b117dca1cb804d"}
,"/Users/caiheng/Desktop/MERN-stack/GP-Back/routes/services.js": {"path":"/Users/caiheng/Desktop/MERN-stack/GP-Back/routes/services.js","statementMap":{"0":{"start":{"line":1,"column":16},"end":{"line":1,"column":34}},"1":{"start":{"line":2,"column":15},"end":{"line":2,"column":31}},"2":{"start":{"line":3,"column":23},"end":{"line":3,"column":65}},"3":{"start":{"line":4,"column":23},"end":{"line":4,"column":65}},"4":{"start":{"line":11,"column":4},"end":{"line":11,"column":37}},"5":{"start":{"line":13,"column":0},"end":{"line":13,"column":27}},"6":{"start":{"line":15,"column":0},"end":{"line":15,"column":23}},"7":{"start":{"line":17,"column":0},"end":{"line":17,"column":31}},"8":{"start":{"line":19,"column":0},"end":{"line":19,"column":57}},"9":{"start":{"line":21,"column":0},"end":{"line":21,"column":61}},"10":{"start":{"line":23,"column":0},"end":{"line":23,"column":25}},"11":{"start":{"line":25,"column":0},"end":{"line":25,"column":24}}},"fnMap":{},"branchMap":{},"s":{"0":6,"1":6,"2":6,"3":6,"4":6,"5":6,"6":6,"7":6,"8":6,"9":6,"10":6,"11":6},"f":{},"b":{},"_coverageSchema":"43e27e138ebf9cfc5966b082cf9a028302ed4184","hash":"ac1580ad04b8a75eaf9321d229d5ea1911faee48"}
,"/Users/caiheng/Desktop/MERN-stack/GP-Back/routes/users.js": {"path":"/Users/caiheng/Desktop/MERN-stack/GP-Back/routes/users.js","statementMap":{"0":{"start":{"line":1,"column":16},"end":{"line":1,"column":34}},"1":{"start":{"line":2,"column":15},"end":{"line":2,"column":31}},"2":{"start":{"line":3,"column":61},"end":{"line":3,"column":92}},"3":{"start":{"line":4,"column":41},"end":{"line":4,"column":83}},"4":{"start":{"line":6,"column":0},"end":{"line":6,"column":35}},"5":{"start":{"line":7,"column":0},"end":{"line":7,"column":29}},"6":{"start":{"line":8,"column":0},"end":{"line":8,"column":39}},"7":{"start":{"line":9,"column":0},"end":{"line":9,"column":56}},"8":{"start":{"line":10,"column":0},"end":{"line":10,"column":47}},"9":{"start":{"line":11,"column":0},"end":{"line":11,"column":45}},"10":{"start":{"line":12,"column":0},"end":{"line":12,"column":36}},"11":{"start":{"line":14,"column":0},"end":{"line":14,"column":24}}},"fnMap":{},"branchMap":{},"s":{"0":6,"1":6,"2":6,"3":6,"4":6,"5":6,"6":6,"7":6,"8":6,"9":6,"10":6,"11":6},"f":{},"b":{},"_coverageSchema":"43e27e138ebf9cfc5966b082cf9a028302ed4184","hash":"074685d04e484059e9bdcae3e9ecda3f07fe1fae"}
,"/Users/caiheng/Desktop/MERN-stack/GP-Back/routes/vaccines.js": {"path":"/Users/caiheng/Desktop/MERN-stack/GP-Back/routes/vaccines.js","statementMap":{"0":{"start":{"line":1,"column":16},"end":{"line":1,"column":34}},"1":{"start":{"line":2,"column":23},"end":{"line":2,"column":65}},"2":{"start":{"line":3,"column":23},"end":{"line":3,"column":65}},"3":{"start":{"line":4,"column":15},"end":{"line":4,"column":31}},"4":{"start":{"line":11,"column":4},"end":{"line":11,"column":37}},"5":{"start":{"line":13,"column":0},"end":{"line":13,"column":27}},"6":{"start":{"line":15,"column":0},"end":{"line":15,"column":23}},"7":{"start":{"line":17,"column":0},"end":{"line":17,"column":55}},"8":{"start":{"line":19,"column":0},"end":{"line":19,"column":58}},"9":{"start":{"line":21,"column":0},"end":{"line":21,"column":62}},"10":{"start":{"line":23,"column":0},"end":{"line":23,"column":25}},"11":{"start":{"line":25,"column":0},"end":{"line":25,"column":24}}},"fnMap":{},"branchMap":{},"s":{"0":6,"1":6,"2":6,"3":6,"4":6,"5":6,"6":6,"7":6,"8":6,"9":6,"10":6,"11":6},"f":{},"b":{},"_coverageSchema":"43e27e138ebf9cfc5966b082cf9a028302ed4184","hash":"ab386ab3c74f88ac5486058b0228865e038ae693"}
,"/Users/caiheng/Desktop/MERN-stack/GP-Back/testing_utils/login.js": {"path":"/Users/caiheng/Desktop/MERN-stack/GP-Back/testing_utils/login.js","statementMap":{"0":{"start":{"line":1,"column":16},"end":{"line":1,"column":36}},"1":{"start":{"line":2,"column":12},"end":{"line":2,"column":29}},"2":{"start":{"line":3,"column":0},"end":{"line":3,"column":27}},"3":{"start":{"line":4,"column":0},"end":{"line":12,"column":2}},"4":{"start":{"line":5,"column":19},"end":{"line":10,"column":5}},"5":{"start":{"line":11,"column":3},"end":{"line":11,"column":23}},"6":{"start":{"line":14,"column":1},"end":{"line":22,"column":2}},"7":{"start":{"line":15,"column":19},"end":{"line":20,"column":5}},"8":{"start":{"line":21,"column":3},"end":{"line":21,"column":23}},"9":{"start":{"line":24,"column":1},"end":{"line":32,"column":2}},"10":{"start":{"line":25,"column":19},"end":{"line":30,"column":5}},"11":{"start":{"line":31,"column":3},"end":{"line":31,"column":23}}},"fnMap":{"0":{"name":"(anonymous_0)","decl":{"start":{"line":4,"column":16},"end":{"line":4,"column":17}},"loc":{"start":{"line":4,"column":28},"end":{"line":12,"column":2}},"line":4},"1":{"name":"(anonymous_1)","decl":{"start":{"line":14,"column":24},"end":{"line":14,"column":25}},"loc":{"start":{"line":14,"column":36},"end":{"line":22,"column":2}},"line":14},"2":{"name":"(anonymous_2)","decl":{"start":{"line":24,"column":22},"end":{"line":24,"column":23}},"loc":{"start":{"line":24,"column":34},"end":{"line":32,"column":2}},"line":24}},"branchMap":{},"s":{"0":4,"1":4,"2":4,"3":4,"4":14,"5":14,"6":4,"7":1,"8":1,"9":4,"10":21,"11":21},"f":{"0":14,"1":1,"2":21},"b":{},"_coverageSchema":"43e27e138ebf9cfc5966b082cf9a028302ed4184","hash":"5471839e33b959c23a8160a62813f829e4719d76"}
}
