TN:
SF:/Users/nhan.dang/Coder_Academy/NhanDang_T3A2/GP-Back/app.js
FNF:0
FNH:0
DA:1,3
DA:2,3
DA:3,3
DA:4,3
DA:5,3
DA:8,3
DA:9,3
DA:10,3
DA:11,3
DA:14,3
DA:17,3
DA:20,3
DA:22,3
LF:13
LH:13
BRF:0
BRH:0
end_of_record
TN:
SF:/Users/nhan.dang/Coder_Academy/NhanDang_T3A2/GP-Back/controllers/about.js
FN:3,(anonymous_0)
FN:8,(anonymous_1)
FNF:2
FNH:0
FNDA:0,(anonymous_0)
FNDA:0,(anonymous_1)
DA:1,3
DA:3,3
DA:4,0
DA:5,0
DA:8,3
DA:9,0
DA:10,0
DA:11,0
DA:18,0
DA:20,0
DA:24,3
LF:11
LH:4
BRF:0
BRH:0
end_of_record
TN:
SF:/Users/nhan.dang/Coder_Academy/NhanDang_T3A2/GP-Back/controllers/admin.js
FN:22,allUsers
FN:34,allAppointments
FN:47,staffs
FN:48,(anonymous_3)
FN:58,addStaff
FN:75,editStaff
FN:77,(anonymous_6)
FN:83,updateStaff
FN:84,(anonymous_8)
FN:94,(anonymous_9)
FN:97,(anonymous_10)
FN:105,deleteStaff
FN:121,(anonymous_12)
FN:127,(anonymous_13)
FNF:14
FNH:0
FNDA:0,allUsers
FNDA:0,allAppointments
FNDA:0,staffs
FNDA:0,(anonymous_3)
FNDA:0,addStaff
FNDA:0,editStaff
FNDA:0,(anonymous_6)
FNDA:0,updateStaff
FNDA:0,(anonymous_8)
FNDA:0,(anonymous_9)
FNDA:0,(anonymous_10)
FNDA:0,deleteStaff
FNDA:0,(anonymous_12)
FNDA:0,(anonymous_13)
DA:1,3
DA:2,3
DA:3,3
DA:4,3
DA:5,3
DA:6,3
DA:7,3
DA:8,3
DA:11,3
DA:12,3
DA:13,3
DA:14,3
DA:15,3
DA:16,3
DA:18,3
DA:19,3
DA:20,3
DA:23,0
DA:24,0
DA:25,0
DA:26,0
DA:27,0
DA:29,0
DA:30,0
DA:35,0
DA:36,0
DA:37,0
DA:38,0
DA:39,0
DA:41,0
DA:42,0
DA:48,0
DA:49,0
DA:50,0
DA:52,0
DA:59,0
DA:60,0
DA:61,0
DA:67,0
DA:68,0
DA:70,0
DA:76,0
DA:77,0
DA:78,0
DA:84,0
DA:85,0
DA:87,0
DA:88,0
DA:89,0
DA:90,0
DA:92,0
DA:95,0
DA:98,0
DA:106,0
DA:107,0
DA:110,0
DA:111,0
DA:113,0
DA:114,0
DA:116,0
DA:117,0
DA:121,3
DA:123,0
DA:125,0
DA:126,0
DA:128,0
DA:138,0
DA:139,0
DA:146,3
LF:69
LH:19
BRDA:49,0,0,0
BRDA:49,0,1,0
BRDA:85,1,0,0
BRDA:85,1,1,0
BRDA:110,2,0,0
BRDA:110,2,1,0
BRDA:110,3,0,0
BRDA:110,3,1,0
BRF:8
BRH:0
end_of_record
TN:
SF:/Users/nhan.dang/Coder_Academy/NhanDang_T3A2/GP-Back/controllers/appointment.js
FN:10,newAppointment
FN:33,getAppointmentsByUser
FN:45,cancelAppointment
FN:46,(anonymous_3)
FNF:4
FNH:0
FNDA:0,newAppointment
FNDA:0,getAppointmentsByUser
FNDA:0,cancelAppointment
FNDA:0,(anonymous_3)
DA:1,3
DA:2,3
DA:3,3
DA:4,3
DA:6,3
DA:7,3
DA:8,3
DA:11,0
DA:12,0
DA:14,0
DA:24,0
DA:26,0
DA:28,0
DA:29,0
DA:34,0
DA:35,0
DA:36,0
DA:37,0
DA:38,0
DA:39,0
DA:41,0
DA:46,0
DA:47,0
DA:48,0
DA:50,0
DA:58,3
LF:26
LH:8
BRDA:47,0,0,0
BRDA:47,0,1,0
BRF:2
BRH:0
end_of_record
TN:
SF:/Users/nhan.dang/Coder_Academy/NhanDang_T3A2/GP-Back/controllers/index.js
FN:1,(anonymous_0)
FNF:1
FNH:0
FNDA:0,(anonymous_0)
DA:1,3
DA:2,0
DA:5,3
LF:3
LH:2
BRF:0
BRH:0
end_of_record
TN:
SF:/Users/nhan.dang/Coder_Academy/NhanDang_T3A2/GP-Back/controllers/mail.js
FN:24,(anonymous_0)
FN:49,(anonymous_1)
FN:61,(anonymous_2)
FN:79,(anonymous_3)
FN:114,(anonymous_4)
FNF:5
FNH:0
FNDA:0,(anonymous_0)
FNDA:0,(anonymous_1)
FNDA:0,(anonymous_2)
FNDA:0,(anonymous_3)
FNDA:0,(anonymous_4)
DA:1,3
DA:2,3
DA:4,3
DA:5,3
DA:6,3
DA:10,3
DA:13,3
DA:24,3
DA:25,0
DA:40,0
DA:49,0
DA:50,0
DA:51,0
DA:53,0
DA:54,0
DA:56,0
DA:61,3
DA:62,0
DA:63,0
DA:64,0
DA:65,0
DA:71,0
DA:72,0
DA:73,0
DA:75,0
DA:79,3
DA:80,0
DA:81,0
DA:82,0
DA:84,0
DA:100,0
DA:107,0
DA:109,0
DA:110,0
DA:114,3
DA:115,0
DA:116,0
DA:117,0
DA:119,0
DA:133,0
DA:140,0
DA:142,0
DA:143,0
DA:146,3
LF:44
LH:12
BRDA:50,0,0,0
BRDA:50,0,1,0
BRF:2
BRH:0
end_of_record
TN:
SF:/Users/nhan.dang/Coder_Academy/NhanDang_T3A2/GP-Back/controllers/openingHours.js
FN:3,(anonymous_0)
FN:8,(anonymous_1)
FN:17,(anonymous_2)
FN:22,(anonymous_3)
FNF:4
FNH:0
FNDA:0,(anonymous_0)
FNDA:0,(anonymous_1)
FNDA:0,(anonymous_2)
FNDA:0,(anonymous_3)
DA:1,3
DA:3,3
DA:4,0
DA:5,0
DA:8,3
DA:9,0
DA:10,0
DA:11,0
DA:13,0
DA:17,3
DA:18,0
DA:19,0
DA:20,0
DA:21,0
DA:22,0
DA:23,0
DA:29,0
DA:30,0
DA:32,0
DA:36,3
LF:20
LH:5
BRF:0
BRH:0
end_of_record
TN:
SF:/Users/nhan.dang/Coder_Academy/NhanDang_T3A2/GP-Back/controllers/service.js
FN:3,(anonymous_0)
FN:8,show
FN:17,create
FN:27,(anonymous_3)
FN:28,(anonymous_4)
FN:31,(anonymous_5)
FN:32,(anonymous_6)
FN:43,(anonymous_7)
FNF:8
FNH:0
FNDA:0,(anonymous_0)
FNDA:0,show
FNDA:0,create
FNDA:0,(anonymous_3)
FNDA:0,(anonymous_4)
FNDA:0,(anonymous_5)
FNDA:0,(anonymous_6)
FNDA:0,(anonymous_7)
DA:1,3
DA:3,3
DA:4,0
DA:5,0
DA:9,0
DA:10,0
DA:11,0
DA:13,0
DA:18,0
DA:19,0
DA:24,0
DA:25,0
DA:27,0
DA:28,0
DA:31,3
DA:32,0
DA:33,0
DA:34,0
DA:36,0
DA:43,3
DA:44,0
DA:45,0
DA:52,0
DA:54,0
DA:58,3
LF:25
LH:5
BRDA:33,0,0,0
BRDA:33,0,1,0
BRF:2
BRH:0
end_of_record
TN:
SF:/Users/nhan.dang/Coder_Academy/NhanDang_T3A2/GP-Back/controllers/token_middleware.js
FN:6,(anonymous_0)
FN:22,(anonymous_1)
FN:53,(anonymous_2)
FNF:3
FNH:1
FNDA:6,(anonymous_0)
FNDA:0,(anonymous_1)
FNDA:0,(anonymous_2)
DA:1,3
DA:2,3
DA:3,3
DA:6,3
DA:9,6
DA:13,6
DA:16,0
DA:19,6
DA:22,0
DA:24,0
DA:26,0
DA:27,0
DA:35,0
DA:36,0
DA:43,6
DA:53,3
DA:54,0
DA:55,0
DA:56,0
DA:59,0
DA:60,0
DA:62,0
DA:65,0
DA:69,3
LF:24
LH:10
BRDA:9,0,0,6
BRDA:9,0,1,6
BRDA:9,0,2,6
BRDA:13,1,0,0
BRDA:13,1,1,6
BRDA:19,2,0,0
BRDA:19,2,1,6
BRDA:24,3,0,0
BRDA:24,3,1,0
BRDA:59,4,0,0
BRDA:59,4,1,0
BRF:11
BRH:5
end_of_record
TN:
SF:/Users/nhan.dang/Coder_Academy/NhanDang_T3A2/GP-Back/controllers/users.js
FN:11,(anonymous_0)
FN:15,(anonymous_1)
FN:21,(anonymous_2)
FN:26,register
FN:50,login
FN:76,resetPassword
FN:102,(anonymous_6)
FN:111,(anonymous_7)
FN:128,(anonymous_8)
FN:139,(anonymous_9)
FNF:10
FNH:5
FNDA:3,(anonymous_0)
FNDA:10,(anonymous_1)
FNDA:9,(anonymous_2)
FNDA:3,register
FNDA:12,login
FNDA:0,resetPassword
FNDA:0,(anonymous_6)
FNDA:0,(anonymous_7)
FNDA:0,(anonymous_8)
FNDA:0,(anonymous_9)
DA:1,3
DA:2,3
DA:3,3
DA:4,3
DA:5,3
DA:7,3
DA:8,3
DA:9,3
DA:11,3
DA:12,3
DA:15,3
DA:16,10
DA:19,3
DA:21,3
DA:22,9
DA:27,3
DA:28,3
DA:29,3
DA:30,2
DA:38,2
DA:39,0
DA:40,0
DA:44,3
DA:45,3
DA:51,12
DA:52,12
DA:53,12
DA:56,12
DA:57,10
DA:58,10
DA:59,9
DA:60,9
DA:61,9
DA:64,1
DA:65,1
DA:68,2
DA:71,0
DA:77,0
DA:78,0
DA:79,0
DA:80,0
DA:82,0
DA:85,0
DA:86,0
DA:88,0
DA:89,0
DA:90,0
DA:91,0
DA:92,0
DA:93,0
DA:97,0
DA:102,3
DA:104,0
DA:107,0
DA:108,0
DA:112,0
DA:123,0
DA:124,0
DA:128,3
DA:129,0
DA:130,0
DA:131,0
DA:132,0
DA:138,0
DA:139,0
DA:148,0
DA:149,0
DA:153,3
LF:68
LH:37
BRDA:56,0,0,10
BRDA:56,0,1,2
BRDA:58,1,0,9
BRDA:58,1,1,1
BRDA:79,2,0,0
BRDA:79,2,1,0
BRDA:85,3,0,0
BRDA:85,3,1,0
BRF:8
BRH:4
end_of_record
TN:
SF:/Users/nhan.dang/Coder_Academy/NhanDang_T3A2/GP-Back/controllers/users_middleware.js
FN:6,(anonymous_0)
FN:15,(anonymous_1)
FNF:2
FNH:0
FNDA:0,(anonymous_0)
FNDA:0,(anonymous_1)
DA:1,3
DA:2,3
DA:3,3
DA:6,3
DA:7,0
DA:8,0
DA:10,0
DA:15,3
DA:16,0
DA:17,0
DA:20,0
DA:21,0
DA:23,0
DA:24,0
DA:28,3
LF:15
LH:6
BRDA:7,0,0,0
BRDA:7,0,1,0
BRDA:20,1,0,0
BRDA:20,1,1,0
BRF:4
BRH:0
end_of_record
TN:
SF:/Users/nhan.dang/Coder_Academy/NhanDang_T3A2/GP-Back/controllers/vaccine.js
FN:3,(anonymous_0)
FN:8,(anonymous_1)
FN:17,(anonymous_2)
FN:28,(anonymous_3)
FN:29,(anonymous_4)
FN:32,(anonymous_5)
FN:33,(anonymous_6)
FN:44,(anonymous_7)
FNF:8
FNH:0
FNDA:0,(anonymous_0)
FNDA:0,(anonymous_1)
FNDA:0,(anonymous_2)
FNDA:0,(anonymous_3)
FNDA:0,(anonymous_4)
FNDA:0,(anonymous_5)
FNDA:0,(anonymous_6)
FNDA:0,(anonymous_7)
DA:1,3
DA:3,3
DA:4,0
DA:5,0
DA:8,3
DA:9,0
DA:10,0
DA:11,0
DA:13,0
DA:17,3
DA:18,0
DA:19,0
DA:25,0
DA:26,0
DA:28,0
DA:29,0
DA:32,3
DA:33,0
DA:34,0
DA:35,0
DA:37,0
DA:44,3
DA:45,0
DA:46,0
DA:53,0
DA:55,0
DA:59,3
LF:27
LH:7
BRDA:34,0,0,0
BRDA:34,0,1,0
BRF:2
BRH:0
end_of_record
TN:
SF:/Users/nhan.dang/Coder_Academy/NhanDang_T3A2/GP-Back/models/about.js
FNF:0
FNH:0
DA:1,3
DA:2,3
DA:4,3
DA:18,3
LF:4
LH:4
BRF:0
BRH:0
end_of_record
TN:
SF:/Users/nhan.dang/Coder_Academy/NhanDang_T3A2/GP-Back/models/appointment.js
FNF:0
FNH:0
DA:1,3
DA:2,3
DA:4,3
DA:39,3
LF:4
LH:4
BRF:0
BRH:0
end_of_record
TN:
SF:/Users/nhan.dang/Coder_Academy/NhanDang_T3A2/GP-Back/models/openingHours.js
FNF:0
FNH:0
DA:1,3
DA:2,3
DA:4,3
DA:20,3
LF:4
LH:4
BRF:0
BRH:0
end_of_record
TN:
SF:/Users/nhan.dang/Coder_Academy/NhanDang_T3A2/GP-Back/models/service.js
FNF:0
FNH:0
DA:1,3
DA:2,3
DA:4,3
DA:19,3
LF:4
LH:4
BRF:0
BRH:0
end_of_record
TN:
SF:/Users/nhan.dang/Coder_Academy/NhanDang_T3A2/GP-Back/models/staff.js
FNF:0
FNH:0
DA:1,3
DA:2,3
DA:4,3
DA:21,3
LF:4
LH:4
BRF:0
BRH:0
end_of_record
TN:
SF:/Users/nhan.dang/Coder_Academy/NhanDang_T3A2/GP-Back/models/user.js
FN:20,(anonymous_0)
FNF:1
FNH:1
FNDA:2,(anonymous_0)
DA:1,3
DA:2,3
DA:3,3
DA:5,3
DA:21,2
DA:47,3
DA:48,3
LF:7
LH:7
BRF:0
BRH:0
end_of_record
TN:
SF:/Users/nhan.dang/Coder_Academy/NhanDang_T3A2/GP-Back/models/vaccines.js
FNF:0
FNH:0
DA:1,3
DA:2,3
DA:4,3
DA:23,3
LF:4
LH:4
BRF:0
BRH:0
end_of_record
TN:
SF:/Users/nhan.dang/Coder_Academy/NhanDang_T3A2/GP-Back/routes/about.js
FNF:0
FNH:0
DA:1,3
DA:2,3
DA:3,3
DA:5,3
DA:7,3
DA:9,3
DA:11,3
LF:7
LH:7
BRF:0
BRH:0
end_of_record
TN:
SF:/Users/nhan.dang/Coder_Academy/NhanDang_T3A2/GP-Back/routes/admin-routes.js
FNF:0
FNH:0
DA:1,3
DA:2,3
DA:3,3
DA:4,3
DA:6,3
DA:7,3
DA:13,3
DA:14,3
DA:15,3
DA:16,3
DA:18,3
DA:19,3
DA:20,3
DA:21,3
DA:25,3
LF:15
LH:15
BRF:0
BRH:0
end_of_record
TN:
SF:/Users/nhan.dang/Coder_Academy/NhanDang_T3A2/GP-Back/routes/appointments.js
FNF:0
FNH:0
DA:1,3
DA:2,3
DA:3,3
DA:4,3
DA:7,3
DA:8,3
DA:9,3
DA:10,3
DA:12,3
LF:9
LH:9
BRF:0
BRH:0
end_of_record
TN:
SF:/Users/nhan.dang/Coder_Academy/NhanDang_T3A2/GP-Back/routes/index.js
FNF:0
FNH:0
DA:1,3
DA:2,3
DA:4,3
DA:6,3
DA:8,3
DA:10,3
DA:12,3
DA:14,3
DA:16,3
DA:18,3
DA:20,3
DA:22,3
LF:12
LH:12
BRF:0
BRH:0
end_of_record
TN:
SF:/Users/nhan.dang/Coder_Academy/NhanDang_T3A2/GP-Back/routes/mail.js
FNF:0
FNH:0
DA:1,3
DA:2,3
DA:3,3
DA:4,3
DA:6,3
DA:7,3
DA:8,3
DA:9,3
DA:11,3
LF:9
LH:9
BRF:0
BRH:0
end_of_record
TN:
SF:/Users/nhan.dang/Coder_Academy/NhanDang_T3A2/GP-Back/routes/openingHours.js
FNF:0
FNH:0
DA:1,3
DA:2,3
DA:3,3
DA:4,3
DA:5,3
DA:7,3
DA:9,3
DA:11,3
DA:13,3
DA:15,3
LF:10
LH:10
BRF:0
BRH:0
end_of_record
TN:
SF:/Users/nhan.dang/Coder_Academy/NhanDang_T3A2/GP-Back/routes/services.js
FNF:0
FNH:0
DA:1,3
DA:2,3
DA:3,3
DA:4,3
DA:11,3
DA:13,3
DA:15,3
DA:17,3
DA:19,3
DA:21,3
DA:23,3
DA:25,3
LF:12
LH:12
BRF:0
BRH:0
end_of_record
TN:
SF:/Users/nhan.dang/Coder_Academy/NhanDang_T3A2/GP-Back/routes/users.js
FNF:0
FNH:0
DA:1,3
DA:2,3
DA:3,3
DA:4,3
DA:6,3
DA:7,3
DA:8,3
DA:9,3
DA:10,3
DA:11,3
DA:12,3
DA:14,3
LF:12
LH:12
BRF:0
BRH:0
end_of_record
TN:
SF:/Users/nhan.dang/Coder_Academy/NhanDang_T3A2/GP-Back/routes/vaccines.js
FNF:0
FNH:0
DA:1,3
DA:2,3
DA:9,3
DA:10,3
DA:11,3
DA:13,3
DA:15,3
DA:17,3
DA:19,3
DA:21,3
DA:23,3
DA:25,3
LF:12
LH:12
BRF:0
BRH:0
end_of_record
TN:
SF:/Users/nhan.dang/Coder_Academy/NhanDang_T3A2/GP-Back/testing_utils/login.js
FN:4,(anonymous_0)
FN:14,(anonymous_1)
FN:24,(anonymous_2)
FNF:3
FNH:3
FNDA:3,(anonymous_0)
FNDA:1,(anonymous_1)
FNDA:5,(anonymous_2)
DA:1,2
DA:2,2
DA:3,2
DA:4,2
DA:5,3
DA:11,3
DA:14,2
DA:15,1
DA:21,1
DA:24,2
DA:25,5
DA:31,5
LF:12
LH:12
BRF:0
BRH:0
end_of_record
